CRITICAL - 2022-09-01 00:34:15 --> Undefined constant "proposal"
in APPPATH\Views\nbfc\nbfcproposaldetails.php on line 85.
 1 SYSTEMPATH\View\View.php(213): include()
 2 SYSTEMPATH\View\View.php(216): CodeIgniter\View\View->CodeIgniter\View\{closure}()
 3 SYSTEMPATH\Common.php(1137): CodeIgniter\View\View->render('nbfc/nbfcproposaldetails', [], true)
 4 APPPATH\Controllers\Nbfc.php(125): view('nbfc/nbfcproposaldetails', [...])
 5 SYSTEMPATH\CodeIgniter.php(904): App\Controllers\Nbfc->nbfcproposaldetails('3')
 6 SYSTEMPATH\CodeIgniter.php(457): CodeIgniter\CodeIgniter->runController(Object(App\Controllers\Nbfc))
 7 SYSTEMPATH\CodeIgniter.php(340): CodeIgniter\CodeIgniter->handleRequest(null, Object(Config\Cache), false)
 8 FCPATH\index.php(67): CodeIgniter\CodeIgniter->run()
CRITICAL - 2022-09-01 01:27:50 --> Class "App\Controllers\CreatedProposalDetailsModels" not found
in APPPATH\Controllers\Nbfc.php on line 119.
 1 SYSTEMPATH\CodeIgniter.php(904): App\Controllers\Nbfc->nbfcproposaldetails('3')
 2 SYSTEMPATH\CodeIgniter.php(457): CodeIgniter\CodeIgniter->runController(Object(App\Controllers\Nbfc))
 3 SYSTEMPATH\CodeIgniter.php(340): CodeIgniter\CodeIgniter->handleRequest(null, Object(Config\Cache), false)
 4 FCPATH\index.php(67): CodeIgniter\CodeIgniter->run()
CRITICAL - 2022-09-01 02:22:12 --> Undefined variable $NbfcBid
in APPPATH\Controllers\Nbfc.php on line 265.
 1 APPPATH\Controllers\Nbfc.php(265): CodeIgniter\Debug\Exceptions->errorHandler(2, 'Undefined variable $NbfcBid', 'APPPATH\\Controllers\\Nbfc.php', 265)
 2 SYSTEMPATH\CodeIgniter.php(904): App\Controllers\Nbfc->addbid()
 3 SYSTEMPATH\CodeIgniter.php(457): CodeIgniter\CodeIgniter->runController(Object(App\Controllers\Nbfc))
 4 SYSTEMPATH\CodeIgniter.php(340): CodeIgniter\CodeIgniter->handleRequest(null, Object(Config\Cache), false)
 5 FCPATH\index.php(67): CodeIgniter\CodeIgniter->run()
CRITICAL - 2022-09-01 02:36:01 --> There is no data to insert.
in SYSTEMPATH\BaseModel.php on line 718.
 1 SYSTEMPATH\BaseModel.php(718): CodeIgniter\Database\Exceptions\DataException::forEmptyDataset('insert')
 2 SYSTEMPATH\Model.php(666): CodeIgniter\BaseModel->insert([], false)
 3 SYSTEMPATH\BaseModel.php(658): CodeIgniter\Model->insert([...], false)
 4 APPPATH\Controllers\Nbfc.php(265): CodeIgniter\BaseModel->save([...])
 5 SYSTEMPATH\CodeIgniter.php(904): App\Controllers\Nbfc->addbid()
 6 SYSTEMPATH\CodeIgniter.php(457): CodeIgniter\CodeIgniter->runController(Object(App\Controllers\Nbfc))
 7 SYSTEMPATH\CodeIgniter.php(340): CodeIgniter\CodeIgniter->handleRequest(null, Object(Config\Cache), false)
 8 FCPATH\index.php(67): CodeIgniter\CodeIgniter->run()
CRITICAL - 2022-09-01 02:36:20 --> There is no data to insert.
in SYSTEMPATH\BaseModel.php on line 718.
 1 SYSTEMPATH\BaseModel.php(718): CodeIgniter\Database\Exceptions\DataException::forEmptyDataset('insert')
 2 SYSTEMPATH\Model.php(666): CodeIgniter\BaseModel->insert([], false)
 3 SYSTEMPATH\BaseModel.php(658): CodeIgniter\Model->insert([...], false)
 4 APPPATH\Controllers\Nbfc.php(265): CodeIgniter\BaseModel->save([...])
 5 SYSTEMPATH\CodeIgniter.php(904): App\Controllers\Nbfc->addbid()
 6 SYSTEMPATH\CodeIgniter.php(457): CodeIgniter\CodeIgniter->runController(Object(App\Controllers\Nbfc))
 7 SYSTEMPATH\CodeIgniter.php(340): CodeIgniter\CodeIgniter->handleRequest(null, Object(Config\Cache), false)
 8 FCPATH\index.php(67): CodeIgniter\CodeIgniter->run()
CRITICAL - 2022-09-01 02:37:53 --> There is no data to insert.
in SYSTEMPATH\BaseModel.php on line 718.
 1 SYSTEMPATH\BaseModel.php(718): CodeIgniter\Database\Exceptions\DataException::forEmptyDataset('insert')
 2 SYSTEMPATH\Model.php(666): CodeIgniter\BaseModel->insert([], false)
 3 SYSTEMPATH\BaseModel.php(658): CodeIgniter\Model->insert([...], false)
 4 APPPATH\Controllers\Nbfc.php(265): CodeIgniter\BaseModel->save([...])
 5 SYSTEMPATH\CodeIgniter.php(904): App\Controllers\Nbfc->addbid()
 6 SYSTEMPATH\CodeIgniter.php(457): CodeIgniter\CodeIgniter->runController(Object(App\Controllers\Nbfc))
 7 SYSTEMPATH\CodeIgniter.php(340): CodeIgniter\CodeIgniter->handleRequest(null, Object(Config\Cache), false)
 8 FCPATH\index.php(67): CodeIgniter\CodeIgniter->run()
CRITICAL - 2022-09-01 02:46:00 --> There is no data to insert.
in SYSTEMPATH\BaseModel.php on line 718.
 1 SYSTEMPATH\BaseModel.php(718): CodeIgniter\Database\Exceptions\DataException::forEmptyDataset('insert')
 2 SYSTEMPATH\Model.php(666): CodeIgniter\BaseModel->insert([], false)
 3 SYSTEMPATH\BaseModel.php(658): CodeIgniter\Model->insert([...], false)
 4 APPPATH\Controllers\Nbfc.php(265): CodeIgniter\BaseModel->save([...])
 5 SYSTEMPATH\CodeIgniter.php(904): App\Controllers\Nbfc->addbid()
 6 SYSTEMPATH\CodeIgniter.php(457): CodeIgniter\CodeIgniter->runController(Object(App\Controllers\Nbfc))
 7 SYSTEMPATH\CodeIgniter.php(340): CodeIgniter\CodeIgniter->handleRequest(null, Object(Config\Cache), false)
 8 FCPATH\index.php(67): CodeIgniter\CodeIgniter->run()
CRITICAL - 2022-09-01 02:47:13 --> There is no data to insert.
in SYSTEMPATH\BaseModel.php on line 718.
 1 SYSTEMPATH\BaseModel.php(718): CodeIgniter\Database\Exceptions\DataException::forEmptyDataset('insert')
 2 SYSTEMPATH\Model.php(666): CodeIgniter\BaseModel->insert([], false)
 3 SYSTEMPATH\BaseModel.php(658): CodeIgniter\Model->insert([...], false)
 4 APPPATH\Controllers\Nbfc.php(264): CodeIgniter\BaseModel->save([...])
 5 SYSTEMPATH\CodeIgniter.php(904): App\Controllers\Nbfc->addbid()
 6 SYSTEMPATH\CodeIgniter.php(457): CodeIgniter\CodeIgniter->runController(Object(App\Controllers\Nbfc))
 7 SYSTEMPATH\CodeIgniter.php(340): CodeIgniter\CodeIgniter->handleRequest(null, Object(Config\Cache), false)
 8 FCPATH\index.php(67): CodeIgniter\CodeIgniter->run()
CRITICAL - 2022-09-01 02:55:32 --> Call to undefined method App\Models\NbfcBidModels::savebis
in SYSTEMPATH\Model.php on line 773.
 1 APPPATH\Controllers\Nbfc.php(263): CodeIgniter\Model->__call('savebis', [...])
 2 SYSTEMPATH\CodeIgniter.php(904): App\Controllers\Nbfc->addbid()
 3 SYSTEMPATH\CodeIgniter.php(457): CodeIgniter\CodeIgniter->runController(Object(App\Controllers\Nbfc))
 4 SYSTEMPATH\CodeIgniter.php(340): CodeIgniter\CodeIgniter->handleRequest(null, Object(Config\Cache), false)
 5 FCPATH\index.php(67): CodeIgniter\CodeIgniter->run()
CRITICAL - 2022-09-01 02:55:49 --> Call to undefined method App\Models\NbfcBidModels::savebis
in SYSTEMPATH\Model.php on line 773.
 1 APPPATH\Controllers\Nbfc.php(263): CodeIgniter\Model->__call('savebis', [...])
 2 SYSTEMPATH\CodeIgniter.php(904): App\Controllers\Nbfc->addbid()
 3 SYSTEMPATH\CodeIgniter.php(457): CodeIgniter\CodeIgniter->runController(Object(App\Controllers\Nbfc))
 4 SYSTEMPATH\CodeIgniter.php(340): CodeIgniter\CodeIgniter->handleRequest(null, Object(Config\Cache), false)
 5 FCPATH\index.php(67): CodeIgniter\CodeIgniter->run()
CRITICAL - 2022-09-01 13:32:23 --> Undefined variable $cust_id
in APPPATH\Models\NbfcBidModels.php on line 11.
 1 APPPATH\Models\NbfcBidModels.php(11): CodeIgniter\Debug\Exceptions->errorHandler(2, 'Undefined variable $cust_id', 'APPPATH\\Models\\NbfcBidModels.php', 11)
 2 APPPATH\Controllers\Nbfc.php(263): App\Models\NbfcBidModels->savebis('500', '/public/nbfc/1662019343_20534aa2d21f6dab1175.png', '3')
 3 SYSTEMPATH\CodeIgniter.php(904): App\Controllers\Nbfc->addbid()
 4 SYSTEMPATH\CodeIgniter.php(457): CodeIgniter\CodeIgniter->runController(Object(App\Controllers\Nbfc))
 5 SYSTEMPATH\CodeIgniter.php(340): CodeIgniter\CodeIgniter->handleRequest(null, Object(Config\Cache), false)
 6 FCPATH\index.php(67): CodeIgniter\CodeIgniter->run()
CRITICAL - 2022-09-01 13:36:56 --> Undefined variable $cust_id
in APPPATH\Models\NbfcBidModels.php on line 11.
 1 APPPATH\Models\NbfcBidModels.php(11): CodeIgniter\Debug\Exceptions->errorHandler(2, 'Undefined variable $cust_id', 'APPPATH\\Models\\NbfcBidModels.php', 11)
 2 APPPATH\Controllers\Nbfc.php(263): App\Models\NbfcBidModels->savebis('500', '/public/nbfc/1662019616_fab1f2e1a3161a67e507.png', '3')
 3 SYSTEMPATH\CodeIgniter.php(904): App\Controllers\Nbfc->addbid()
 4 SYSTEMPATH\CodeIgniter.php(457): CodeIgniter\CodeIgniter->runController(Object(App\Controllers\Nbfc))
 5 SYSTEMPATH\CodeIgniter.php(340): CodeIgniter\CodeIgniter->handleRequest(null, Object(Config\Cache), false)
 6 FCPATH\index.php(67): CodeIgniter\CodeIgniter->run()
CRITICAL - 2022-09-01 13:37:22 --> Undefined variable $cust_id
in APPPATH\Models\NbfcBidModels.php on line 11.
 1 APPPATH\Models\NbfcBidModels.php(11): CodeIgniter\Debug\Exceptions->errorHandler(2, 'Undefined variable $cust_id', 'APPPATH\\Models\\NbfcBidModels.php', 11)
 2 APPPATH\Controllers\Nbfc.php(263): App\Models\NbfcBidModels->savebis('8789', '/public/nbfc/1662019642_52c1c8e420de82f3c8a7.png', '3')
 3 SYSTEMPATH\CodeIgniter.php(904): App\Controllers\Nbfc->addbid()
 4 SYSTEMPATH\CodeIgniter.php(457): CodeIgniter\CodeIgniter->runController(Object(App\Controllers\Nbfc))
 5 SYSTEMPATH\CodeIgniter.php(340): CodeIgniter\CodeIgniter->handleRequest(null, Object(Config\Cache), false)
 6 FCPATH\index.php(67): CodeIgniter\CodeIgniter->run()
CRITICAL - 2022-09-01 14:23:57 --> Undefined array key 1
in APPPATH\Models\NbfcCreateProposalModels.php on line 39.
 1 APPPATH\Models\NbfcCreateProposalModels.php(39): CodeIgniter\Debug\Exceptions->errorHandler(2, 'Undefined array key 1', 'APPPATH\\Models\\NbfcCreateProposalModels.php', 39)
 2 APPPATH\Controllers\Admin.php(171): App\Models\NbfcCreateProposalModels->saveproposaldetails('1', 19, [...], [...])
 3 SYSTEMPATH\CodeIgniter.php(904): App\Controllers\Admin->createproject()
 4 SYSTEMPATH\CodeIgniter.php(457): CodeIgniter\CodeIgniter->runController(Object(App\Controllers\Admin))
 5 SYSTEMPATH\CodeIgniter.php(340): CodeIgniter\CodeIgniter->handleRequest(null, Object(Config\Cache), false)
 6 FCPATH\index.php(67): CodeIgniter\CodeIgniter->run()
CRITICAL - 2022-09-01 04:54:40 --> Class "App\Controllers\CustomerRFQModels" not found
in APPPATH\Controllers\Admin.php on line 18.
 1 SYSTEMPATH\CodeIgniter.php(904): App\Controllers\Admin->customer()
 2 SYSTEMPATH\CodeIgniter.php(457): CodeIgniter\CodeIgniter->runController(Object(App\Controllers\Admin))
 3 SYSTEMPATH\CodeIgniter.php(340): CodeIgniter\CodeIgniter->handleRequest(null, Object(Config\Cache), false)
 4 FCPATH\index.php(67): CodeIgniter\CodeIgniter->run()
CRITICAL - 2022-09-01 05:17:03 --> include(footer.php): Failed to open stream: No such file or directory
in APPPATH\Views\lease.php on line 238.
 1 APPPATH\Views\lease.php(238): CodeIgniter\Debug\Exceptions->errorHandler(2, 'include(footer.php): Failed to open stream: No such file or directory', 'APPPATH\\Views\\lease.php', 238)
 2 APPPATH\Views\lease.php(238): include()
 3 SYSTEMPATH\View\View.php(213): include('APPPATH\\Views\\lease.php')
 4 SYSTEMPATH\View\View.php(216): CodeIgniter\View\View->CodeIgniter\View\{closure}()
 5 SYSTEMPATH\Common.php(1137): CodeIgniter\View\View->render('lease', [], true)
 6 APPPATH\Controllers\Welcome.php(12): view('lease')
 7 SYSTEMPATH\CodeIgniter.php(904): App\Controllers\Welcome->lease()
 8 SYSTEMPATH\CodeIgniter.php(457): CodeIgniter\CodeIgniter->runController(Object(App\Controllers\Welcome))
 9 SYSTEMPATH\CodeIgniter.php(340): CodeIgniter\CodeIgniter->handleRequest(null, Object(Config\Cache), false)
10 FCPATH\index.php(67): CodeIgniter\CodeIgniter->run()
CRITICAL - 2022-09-01 08:02:40 --> Undefined variable $data
in APPPATH\Controllers\Welcome.php on line 39.
 1 APPPATH\Controllers\Welcome.php(39): CodeIgniter\Debug\Exceptions->errorHandler(2, 'Undefined variable $data', 'APPPATH\\Controllers\\Welcome.php', 39)
 2 SYSTEMPATH\CodeIgniter.php(904): App\Controllers\Welcome->loginfront()
 3 SYSTEMPATH\CodeIgniter.php(457): CodeIgniter\CodeIgniter->runController(Object(App\Controllers\Welcome))
 4 SYSTEMPATH\CodeIgniter.php(340): CodeIgniter\CodeIgniter->handleRequest(null, Object(Config\Cache), false)
 5 FCPATH\index.php(67): CodeIgniter\CodeIgniter->run()
CRITICAL - 2022-09-01 09:01:00 --> Class "App\Controllers\CustomerRFQModels" not found
in APPPATH\Controllers\Admin.php on line 18.
 1 SYSTEMPATH\CodeIgniter.php(904): App\Controllers\Admin->customer()
 2 SYSTEMPATH\CodeIgniter.php(457): CodeIgniter\CodeIgniter->runController(Object(App\Controllers\Admin))
 3 SYSTEMPATH\CodeIgniter.php(340): CodeIgniter\CodeIgniter->handleRequest(null, Object(Config\Cache), false)
 4 FCPATH\index.php(67): CodeIgniter\CodeIgniter->run()
CRITICAL - 2022-09-01 18:29:34 --> Undefined constant "base"
in APPPATH\Views\investor\login.php on line 66.
 1 SYSTEMPATH\View\View.php(213): include()
 2 SYSTEMPATH\View\View.php(216): CodeIgniter\View\View->CodeIgniter\View\{closure}()
 3 SYSTEMPATH\Common.php(1137): CodeIgniter\View\View->render('investor/login', [], true)
 4 APPPATH\Controllers\Investor.php(49): view('investor/login')
 5 SYSTEMPATH\CodeIgniter.php(904): App\Controllers\Investor->login()
 6 SYSTEMPATH\CodeIgniter.php(457): CodeIgniter\CodeIgniter->runController(Object(App\Controllers\Investor))
 7 SYSTEMPATH\CodeIgniter.php(340): CodeIgniter\CodeIgniter->handleRequest(null, Object(Config\Cache), false)
 8 FCPATH\index.php(67): CodeIgniter\CodeIgniter->run()
CRITICAL - 2022-09-01 18:30:22 --> Undefined constant "base"
in APPPATH\Views\investor\login.php on line 66.
 1 SYSTEMPATH\View\View.php(213): include()
 2 SYSTEMPATH\View\View.php(216): CodeIgniter\View\View->CodeIgniter\View\{closure}()
 3 SYSTEMPATH\Common.php(1137): CodeIgniter\View\View->render('investor/login', [], true)
 4 APPPATH\Controllers\Investor.php(49): view('investor/login')
 5 SYSTEMPATH\CodeIgniter.php(904): App\Controllers\Investor->login()
 6 SYSTEMPATH\CodeIgniter.php(457): CodeIgniter\CodeIgniter->runController(Object(App\Controllers\Investor))
 7 SYSTEMPATH\CodeIgniter.php(340): CodeIgniter\CodeIgniter->handleRequest(null, Object(Config\Cache), false)
 8 FCPATH\index.php(67): CodeIgniter\CodeIgniter->run()
CRITICAL - 2022-09-01 22:44:13 --> include(footer.php): Failed to open stream: No such file or directory
in APPPATH\Views\index.php on line 1616.
 1 APPPATH\Views\index.php(1616): CodeIgniter\Debug\Exceptions->errorHandler(2, 'include(footer.php): Failed to open stream: No such file or directory', 'APPPATH\\Views\\index.php', 1616)
 2 APPPATH\Views\index.php(1616): include()
 3 SYSTEMPATH\View\View.php(213): include('APPPATH\\Views\\index.php')
 4 SYSTEMPATH\View\View.php(216): CodeIgniter\View\View->CodeIgniter\View\{closure}()
 5 SYSTEMPATH\Common.php(1137): CodeIgniter\View\View->render('index', [], true)
 6 APPPATH\Controllers\Welcome.php(8): view('index')
 7 SYSTEMPATH\CodeIgniter.php(904): App\Controllers\Welcome->index()
 8 SYSTEMPATH\CodeIgniter.php(457): CodeIgniter\CodeIgniter->runController(Object(App\Controllers\Welcome))
 9 SYSTEMPATH\CodeIgniter.php(340): CodeIgniter\CodeIgniter->handleRequest(null, Object(Config\Cache), false)
10 FCPATH\index.php(67): CodeIgniter\CodeIgniter->run()
CRITICAL - 2022-09-01 22:44:13 --> include(footer.php): Failed to open stream: No such file or directory
in APPPATH\Views\index.php on line 1616.
 1 APPPATH\Views\index.php(1616): CodeIgniter\Debug\Exceptions->errorHandler(2, 'include(footer.php): Failed to open stream: No such file or directory', 'APPPATH\\Views\\index.php', 1616)
 2 APPPATH\Views\index.php(1616): include()
 3 SYSTEMPATH\View\View.php(213): include('APPPATH\\Views\\index.php')
 4 SYSTEMPATH\View\View.php(216): CodeIgniter\View\View->CodeIgniter\View\{closure}()
 5 SYSTEMPATH\Common.php(1137): CodeIgniter\View\View->render('index', [], true)
 6 APPPATH\Controllers\Welcome.php(8): view('index')
 7 SYSTEMPATH\CodeIgniter.php(904): App\Controllers\Welcome->index()
 8 SYSTEMPATH\CodeIgniter.php(457): CodeIgniter\CodeIgniter->runController(Object(App\Controllers\Welcome))
 9 SYSTEMPATH\CodeIgniter.php(340): CodeIgniter\CodeIgniter->handleRequest(null, Object(Config\Cache), false)
10 FCPATH\index.php(67): CodeIgniter\CodeIgniter->run()
CRITICAL - 2022-09-01 22:44:13 --> include(footer.php): Failed to open stream: No such file or directory
in APPPATH\Views\index.php on line 1616.
 1 APPPATH\Views\index.php(1616): CodeIgniter\Debug\Exceptions->errorHandler(2, 'include(footer.php): Failed to open stream: No such file or directory', 'APPPATH\\Views\\index.php', 1616)
 2 APPPATH\Views\index.php(1616): include()
 3 SYSTEMPATH\View\View.php(213): include('APPPATH\\Views\\index.php')
 4 SYSTEMPATH\View\View.php(216): CodeIgniter\View\View->CodeIgniter\View\{closure}()
 5 SYSTEMPATH\Common.php(1137): CodeIgniter\View\View->render('index', [], true)
 6 APPPATH\Controllers\Welcome.php(8): view('index')
 7 SYSTEMPATH\CodeIgniter.php(904): App\Controllers\Welcome->index()
 8 SYSTEMPATH\CodeIgniter.php(457): CodeIgniter\CodeIgniter->runController(Object(App\Controllers\Welcome))
 9 SYSTEMPATH\CodeIgniter.php(340): CodeIgniter\CodeIgniter->handleRequest(null, Object(Config\Cache), false)
10 FCPATH\index.php(67): CodeIgniter\CodeIgniter->run()
CRITICAL - 2022-09-01 22:44:14 --> include(footer.php): Failed to open stream: No such file or directory
in APPPATH\Views\index.php on line 1616.
 1 APPPATH\Views\index.php(1616): CodeIgniter\Debug\Exceptions->errorHandler(2, 'include(footer.php): Failed to open stream: No such file or directory', 'APPPATH\\Views\\index.php', 1616)
 2 APPPATH\Views\index.php(1616): include()
 3 SYSTEMPATH\View\View.php(213): include('APPPATH\\Views\\index.php')
 4 SYSTEMPATH\View\View.php(216): CodeIgniter\View\View->CodeIgniter\View\{closure}()
 5 SYSTEMPATH\Common.php(1137): CodeIgniter\View\View->render('index', [], true)
 6 APPPATH\Controllers\Welcome.php(8): view('index')
 7 SYSTEMPATH\CodeIgniter.php(904): App\Controllers\Welcome->index()
 8 SYSTEMPATH\CodeIgniter.php(457): CodeIgniter\CodeIgniter->runController(Object(App\Controllers\Welcome))
 9 SYSTEMPATH\CodeIgniter.php(340): CodeIgniter\CodeIgniter->handleRequest(null, Object(Config\Cache), false)
10 FCPATH\index.php(67): CodeIgniter\CodeIgniter->run()
CRITICAL - 2022-09-01 22:50:53 --> Class "App\Controllers\CustomerRFQModels" not found
in APPPATH\Controllers\Admin.php on line 18.
 1 SYSTEMPATH\CodeIgniter.php(904): App\Controllers\Admin->customer()
 2 SYSTEMPATH\CodeIgniter.php(457): CodeIgniter\CodeIgniter->runController(Object(App\Controllers\Admin))
 3 SYSTEMPATH\CodeIgniter.php(340): CodeIgniter\CodeIgniter->handleRequest(null, Object(Config\Cache), false)
 4 FCPATH\index.php(67): CodeIgniter\CodeIgniter->run()
