CRITICAL - 2022-10-03 06:45:40 --> Undefined variable $result
in APPPATH\Controllers\Login.php on line 123.
 1 APPPATH\Controllers\Login.php(123): CodeIgniter\Debug\Exceptions->errorHandler(2, 'Undefined variable $result', 'APPPATH\\Controllers\\Login.php', 123)
 2 SYSTEMPATH\CodeIgniter.php(904): App\Controllers\Login->process_signup()
 3 SYSTEMPATH\CodeIgniter.php(457): CodeIgniter\CodeIgniter->runController(Object(App\Controllers\Login))
 4 SYSTEMPATH\CodeIgniter.php(340): CodeIgniter\CodeIgniter->handleRequest(null, Object(Config\Cache), false)
 5 FCPATH\index.php(67): CodeIgniter\CodeIgniter->run()
CRITICAL - 2022-10-03 06:45:43 --> Undefined variable $result
in APPPATH\Controllers\Login.php on line 123.
 1 APPPATH\Controllers\Login.php(123): CodeIgniter\Debug\Exceptions->errorHandler(2, 'Undefined variable $result', 'APPPATH\\Controllers\\Login.php', 123)
 2 SYSTEMPATH\CodeIgniter.php(904): App\Controllers\Login->process_signup()
 3 SYSTEMPATH\CodeIgniter.php(457): CodeIgniter\CodeIgniter->runController(Object(App\Controllers\Login))
 4 SYSTEMPATH\CodeIgniter.php(340): CodeIgniter\CodeIgniter->handleRequest(null, Object(Config\Cache), false)
 5 FCPATH\index.php(67): CodeIgniter\CodeIgniter->run()
CRITICAL - 2022-10-03 06:45:48 --> Undefined variable $result
in APPPATH\Controllers\Login.php on line 123.
 1 APPPATH\Controllers\Login.php(123): CodeIgniter\Debug\Exceptions->errorHandler(2, 'Undefined variable $result', 'APPPATH\\Controllers\\Login.php', 123)
 2 SYSTEMPATH\CodeIgniter.php(904): App\Controllers\Login->process_signup()
 3 SYSTEMPATH\CodeIgniter.php(457): CodeIgniter\CodeIgniter->runController(Object(App\Controllers\Login))
 4 SYSTEMPATH\CodeIgniter.php(340): CodeIgniter\CodeIgniter->handleRequest(null, Object(Config\Cache), false)
 5 FCPATH\index.php(67): CodeIgniter\CodeIgniter->run()
CRITICAL - 2022-10-03 06:46:12 --> count(): Argument #1 ($value) must be of type Countable|array, App\Models\LoginModles given
in APPPATH\Controllers\Login.php on line 123.
 1 APPPATH\Controllers\Login.php(123): count(Object(App\Models\LoginModles))
 2 SYSTEMPATH\CodeIgniter.php(904): App\Controllers\Login->process_signup()
 3 SYSTEMPATH\CodeIgniter.php(457): CodeIgniter\CodeIgniter->runController(Object(App\Controllers\Login))
 4 SYSTEMPATH\CodeIgniter.php(340): CodeIgniter\CodeIgniter->handleRequest(null, Object(Config\Cache), false)
 5 FCPATH\index.php(67): CodeIgniter\CodeIgniter->run()
CRITICAL - 2022-10-03 06:46:29 --> count(): Argument #1 ($value) must be of type Countable|array, App\Models\LoginModles given
in APPPATH\Controllers\Login.php on line 123.
 1 APPPATH\Controllers\Login.php(123): count(Object(App\Models\LoginModles))
 2 SYSTEMPATH\CodeIgniter.php(904): App\Controllers\Login->process_signup()
 3 SYSTEMPATH\CodeIgniter.php(457): CodeIgniter\CodeIgniter->runController(Object(App\Controllers\Login))
 4 SYSTEMPATH\CodeIgniter.php(340): CodeIgniter\CodeIgniter->handleRequest(null, Object(Config\Cache), false)
 5 FCPATH\index.php(67): CodeIgniter\CodeIgniter->run()
CRITICAL - 2022-10-03 06:48:18 --> count(): Argument #1 ($value) must be of type Countable|array, null given
in APPPATH\Controllers\Login.php on line 123.
 1 APPPATH\Controllers\Login.php(123): count(null)
 2 SYSTEMPATH\CodeIgniter.php(904): App\Controllers\Login->process_signup()
 3 SYSTEMPATH\CodeIgniter.php(457): CodeIgniter\CodeIgniter->runController(Object(App\Controllers\Login))
 4 SYSTEMPATH\CodeIgniter.php(340): CodeIgniter\CodeIgniter->handleRequest(null, Object(Config\Cache), false)
 5 FCPATH\index.php(67): CodeIgniter\CodeIgniter->run()
CRITICAL - 2022-10-03 06:50:38 --> count(): Argument #1 ($value) must be of type Countable|array, null given
in APPPATH\Controllers\Login.php on line 123.
 1 APPPATH\Controllers\Login.php(123): count(null)
 2 SYSTEMPATH\CodeIgniter.php(904): App\Controllers\Login->process_signup()
 3 SYSTEMPATH\CodeIgniter.php(457): CodeIgniter\CodeIgniter->runController(Object(App\Controllers\Login))
 4 SYSTEMPATH\CodeIgniter.php(340): CodeIgniter\CodeIgniter->handleRequest(null, Object(Config\Cache), false)
 5 FCPATH\index.php(67): CodeIgniter\CodeIgniter->run()
CRITICAL - 2022-10-03 06:54:40 --> count(): Argument #1 ($value) must be of type Countable|array, null given
in APPPATH\Controllers\Login.php on line 123.
 1 APPPATH\Controllers\Login.php(123): count(null)
 2 SYSTEMPATH\CodeIgniter.php(904): App\Controllers\Login->process_signup()
 3 SYSTEMPATH\CodeIgniter.php(457): CodeIgniter\CodeIgniter->runController(Object(App\Controllers\Login))
 4 SYSTEMPATH\CodeIgniter.php(340): CodeIgniter\CodeIgniter->handleRequest(null, Object(Config\Cache), false)
 5 FCPATH\index.php(67): CodeIgniter\CodeIgniter->run()
CRITICAL - 2022-10-03 06:55:00 --> count(): Argument #1 ($value) must be of type Countable|array, null given
in APPPATH\Controllers\Login.php on line 123.
 1 APPPATH\Controllers\Login.php(123): count(null)
 2 SYSTEMPATH\CodeIgniter.php(904): App\Controllers\Login->process_signup()
 3 SYSTEMPATH\CodeIgniter.php(457): CodeIgniter\CodeIgniter->runController(Object(App\Controllers\Login))
 4 SYSTEMPATH\CodeIgniter.php(340): CodeIgniter\CodeIgniter->handleRequest(null, Object(Config\Cache), false)
 5 FCPATH\index.php(67): CodeIgniter\CodeIgniter->run()
CRITICAL - 2022-10-03 06:57:33 --> Undefined variable $test
in APPPATH\Controllers\Login.php on line 100.
 1 APPPATH\Controllers\Login.php(100): CodeIgniter\Debug\Exceptions->errorHandler(2, 'Undefined variable $test', 'APPPATH\\Controllers\\Login.php', 100)
 2 SYSTEMPATH\CodeIgniter.php(904): App\Controllers\Login->process_signup()
 3 SYSTEMPATH\CodeIgniter.php(457): CodeIgniter\CodeIgniter->runController(Object(App\Controllers\Login))
 4 SYSTEMPATH\CodeIgniter.php(340): CodeIgniter\CodeIgniter->handleRequest(null, Object(Config\Cache), false)
 5 FCPATH\index.php(67): CodeIgniter\CodeIgniter->run()
CRITICAL - 2022-10-03 17:34:20 --> Object of class CodeIgniter\Email\Email could not be converted to string
in APPPATH\Models\LoginModles.php on line 18.
 1 APPPATH\Controllers\Login.php(134): App\Models\LoginModles->savesignup('demo', 'test', Object(CodeIgniter\Email\Email), '+917588659834', 'investor', '123')
 2 SYSTEMPATH\CodeIgniter.php(904): App\Controllers\Login->process_signup()
 3 SYSTEMPATH\CodeIgniter.php(457): CodeIgniter\CodeIgniter->runController(Object(App\Controllers\Login))
 4 SYSTEMPATH\CodeIgniter.php(340): CodeIgniter\CodeIgniter->handleRequest(null, Object(Config\Cache), false)
 5 FCPATH\index.php(67): CodeIgniter\CodeIgniter->run()
CRITICAL - 2022-10-03 17:35:25 --> Undefined variable $data
in APPPATH\Controllers\Login.php on line 138.
 1 APPPATH\Controllers\Login.php(138): CodeIgniter\Debug\Exceptions->errorHandler(2, 'Undefined variable $data', 'APPPATH\\Controllers\\Login.php', 138)
 2 SYSTEMPATH\CodeIgniter.php(904): App\Controllers\Login->process_signup()
 3 SYSTEMPATH\CodeIgniter.php(457): CodeIgniter\CodeIgniter->runController(Object(App\Controllers\Login))
 4 SYSTEMPATH\CodeIgniter.php(340): CodeIgniter\CodeIgniter->handleRequest(null, Object(Config\Cache), false)
 5 FCPATH\index.php(67): CodeIgniter\CodeIgniter->run()
CRITICAL - 2022-10-03 07:13:36 --> Undefined variable $data
in APPPATH\Controllers\Login.php on line 136.
 1 APPPATH\Controllers\Login.php(136): CodeIgniter\Debug\Exceptions->errorHandler(2, 'Undefined variable $data', 'APPPATH\\Controllers\\Login.php', 136)
 2 SYSTEMPATH\CodeIgniter.php(904): App\Controllers\Login->process_signup()
 3 SYSTEMPATH\CodeIgniter.php(457): CodeIgniter\CodeIgniter->runController(Object(App\Controllers\Login))
 4 SYSTEMPATH\CodeIgniter.php(340): CodeIgniter\CodeIgniter->handleRequest(null, Object(Config\Cache), false)
 5 FCPATH\index.php(67): CodeIgniter\CodeIgniter->run()
CRITICAL - 2022-10-03 17:44:34 --> Object of class CodeIgniter\Email\Email could not be converted to string
in APPPATH\Models\LoginModles.php on line 18.
 1 APPPATH\Controllers\Login.php(138): App\Models\LoginModles->savesignup('demo', 'test', Object(CodeIgniter\Email\Email), '+917588659834', 'investor', '123')
 2 SYSTEMPATH\CodeIgniter.php(904): App\Controllers\Login->process_signup()
 3 SYSTEMPATH\CodeIgniter.php(457): CodeIgniter\CodeIgniter->runController(Object(App\Controllers\Login))
 4 SYSTEMPATH\CodeIgniter.php(340): CodeIgniter\CodeIgniter->handleRequest(null, Object(Config\Cache), false)
 5 FCPATH\index.php(67): CodeIgniter\CodeIgniter->run()
CRITICAL - 2022-10-03 17:45:50 --> Object of class CodeIgniter\Email\Email could not be converted to string
in APPPATH\Models\LoginModles.php on line 18.
 1 APPPATH\Controllers\Login.php(136): App\Models\LoginModles->savesignup('demo', 'test', Object(CodeIgniter\Email\Email), '+917588659834', 'investor', '123')
 2 SYSTEMPATH\CodeIgniter.php(904): App\Controllers\Login->process_signup()
 3 SYSTEMPATH\CodeIgniter.php(457): CodeIgniter\CodeIgniter->runController(Object(App\Controllers\Login))
 4 SYSTEMPATH\CodeIgniter.php(340): CodeIgniter\CodeIgniter->handleRequest(null, Object(Config\Cache), false)
 5 FCPATH\index.php(67): CodeIgniter\CodeIgniter->run()
CRITICAL - 2022-10-03 17:47:24 --> Object of class CodeIgniter\Email\Email could not be converted to string
in APPPATH\Models\LoginModles.php on line 18.
 1 APPPATH\Controllers\Login.php(135): App\Models\LoginModles->savesignup('demo', 'test', Object(CodeIgniter\Email\Email), '+917588659834', 'investor', '123')
 2 SYSTEMPATH\CodeIgniter.php(904): App\Controllers\Login->process_signup()
 3 SYSTEMPATH\CodeIgniter.php(457): CodeIgniter\CodeIgniter->runController(Object(App\Controllers\Login))
 4 SYSTEMPATH\CodeIgniter.php(340): CodeIgniter\CodeIgniter->handleRequest(null, Object(Config\Cache), false)
 5 FCPATH\index.php(67): CodeIgniter\CodeIgniter->run()
CRITICAL - 2022-10-03 17:47:53 --> Object of class CodeIgniter\Email\Email could not be converted to string
in APPPATH\Models\LoginModles.php on line 18.
 1 APPPATH\Controllers\Login.php(135): App\Models\LoginModles->savesignup('demo', 'test', Object(CodeIgniter\Email\Email), '+917588659834', 'investor', '123')
 2 SYSTEMPATH\CodeIgniter.php(904): App\Controllers\Login->process_signup()
 3 SYSTEMPATH\CodeIgniter.php(457): CodeIgniter\CodeIgniter->runController(Object(App\Controllers\Login))
 4 SYSTEMPATH\CodeIgniter.php(340): CodeIgniter\CodeIgniter->handleRequest(null, Object(Config\Cache), false)
 5 FCPATH\index.php(67): CodeIgniter\CodeIgniter->run()
CRITICAL - 2022-10-03 17:48:34 --> Object of class CodeIgniter\Email\Email could not be converted to string
in APPPATH\Models\LoginModles.php on line 18.
 1 APPPATH\Controllers\Login.php(135): App\Models\LoginModles->savesignup('demo', 'test', Object(CodeIgniter\Email\Email), '+917588659834', 'investor', '123')
 2 SYSTEMPATH\CodeIgniter.php(904): App\Controllers\Login->process_signup()
 3 SYSTEMPATH\CodeIgniter.php(457): CodeIgniter\CodeIgniter->runController(Object(App\Controllers\Login))
 4 SYSTEMPATH\CodeIgniter.php(340): CodeIgniter\CodeIgniter->handleRequest(null, Object(Config\Cache), false)
 5 FCPATH\index.php(67): CodeIgniter\CodeIgniter->run()
CRITICAL - 2022-10-03 17:51:53 --> Object of class CodeIgniter\Email\Email could not be converted to string
in APPPATH\Models\LoginModles.php on line 18.
 1 APPPATH\Controllers\Login.php(138): App\Models\LoginModles->savesignup('demo', 'test', Object(CodeIgniter\Email\Email), '+917588659834', 'investor', '123')
 2 SYSTEMPATH\CodeIgniter.php(904): App\Controllers\Login->process_signup()
 3 SYSTEMPATH\CodeIgniter.php(457): CodeIgniter\CodeIgniter->runController(Object(App\Controllers\Login))
 4 SYSTEMPATH\CodeIgniter.php(340): CodeIgniter\CodeIgniter->handleRequest(null, Object(Config\Cache), false)
 5 FCPATH\index.php(67): CodeIgniter\CodeIgniter->run()
CRITICAL - 2022-10-03 17:53:24 --> Object of class CodeIgniter\Email\Email could not be converted to string
in APPPATH\Models\LoginModles.php on line 18.
 1 APPPATH\Controllers\Login.php(138): App\Models\LoginModles->savesignup('demo', 'test', Object(CodeIgniter\Email\Email), '+917588659834', 'investor', '123')
 2 SYSTEMPATH\CodeIgniter.php(904): App\Controllers\Login->process_signup()
 3 SYSTEMPATH\CodeIgniter.php(457): CodeIgniter\CodeIgniter->runController(Object(App\Controllers\Login))
 4 SYSTEMPATH\CodeIgniter.php(340): CodeIgniter\CodeIgniter->handleRequest(null, Object(Config\Cache), false)
 5 FCPATH\index.php(67): CodeIgniter\CodeIgniter->run()
CRITICAL - 2022-10-03 17:57:58 --> preg_match(): Argument #2 ($subject) must be of type string, CodeIgniter\Email\Email given
in SYSTEMPATH\Email\Email.php on line 466.
 1 SYSTEMPATH\Email\Email.php(466): preg_match('/\\<(.*)\\>/', Object(CodeIgniter\Email\Email), null)
 2 APPPATH\Controllers\Login.php(136): CodeIgniter\Email\Email->setFrom(Object(CodeIgniter\Email\Email), 'Welcome To Leasify')
 3 SYSTEMPATH\CodeIgniter.php(904): App\Controllers\Login->process_signup()
 4 SYSTEMPATH\CodeIgniter.php(457): CodeIgniter\CodeIgniter->runController(Object(App\Controllers\Login))
 5 SYSTEMPATH\CodeIgniter.php(340): CodeIgniter\CodeIgniter->handleRequest(null, Object(Config\Cache), false)
 6 FCPATH\index.php(67): CodeIgniter\CodeIgniter->run()
CRITICAL - 2022-10-03 08:05:11 --> Class "App\Controllers\ResetPasswordModles" not found
in APPPATH\Controllers\Nbfc.php on line 596.
 1 SYSTEMPATH\CodeIgniter.php(904): App\Controllers\Nbfc->nbfc_fp()
 2 SYSTEMPATH\CodeIgniter.php(457): CodeIgniter\CodeIgniter->runController(Object(App\Controllers\Nbfc))
 3 SYSTEMPATH\CodeIgniter.php(340): CodeIgniter\CodeIgniter->handleRequest(null, Object(Config\Cache), false)
 4 FCPATH\index.php(67): CodeIgniter\CodeIgniter->run()
CRITICAL - 2022-10-03 08:05:13 --> Class "App\Controllers\ResetPasswordModles" not found
in APPPATH\Controllers\Nbfc.php on line 596.
 1 SYSTEMPATH\CodeIgniter.php(904): App\Controllers\Nbfc->nbfc_fp()
 2 SYSTEMPATH\CodeIgniter.php(457): CodeIgniter\CodeIgniter->runController(Object(App\Controllers\Nbfc))
 3 SYSTEMPATH\CodeIgniter.php(340): CodeIgniter\CodeIgniter->handleRequest(null, Object(Config\Cache), false)
 4 FCPATH\index.php(67): CodeIgniter\CodeIgniter->run()
CRITICAL - 2022-10-03 08:05:30 --> Class "App\Controllers\ResetPasswordModles" not found
in APPPATH\Controllers\Nbfc.php on line 596.
 1 SYSTEMPATH\CodeIgniter.php(904): App\Controllers\Nbfc->nbfc_fp()
 2 SYSTEMPATH\CodeIgniter.php(457): CodeIgniter\CodeIgniter->runController(Object(App\Controllers\Nbfc))
 3 SYSTEMPATH\CodeIgniter.php(340): CodeIgniter\CodeIgniter->handleRequest(null, Object(Config\Cache), false)
 4 FCPATH\index.php(67): CodeIgniter\CodeIgniter->run()
CRITICAL - 2022-10-03 08:17:19 --> Class "App\Controllers\ResetPasswordModles" not found
in APPPATH\Controllers\Nbfc.php on line 596.
 1 SYSTEMPATH\CodeIgniter.php(904): App\Controllers\Nbfc->nbfc_fp()
 2 SYSTEMPATH\CodeIgniter.php(457): CodeIgniter\CodeIgniter->runController(Object(App\Controllers\Nbfc))
 3 SYSTEMPATH\CodeIgniter.php(340): CodeIgniter\CodeIgniter->handleRequest(null, Object(Config\Cache), false)
 4 FCPATH\index.php(67): CodeIgniter\CodeIgniter->run()
CRITICAL - 2022-10-03 08:18:02 --> Class "App\Controllers\ResetPasswordModles" not found
in APPPATH\Controllers\Nbfc.php on line 596.
 1 SYSTEMPATH\CodeIgniter.php(904): App\Controllers\Nbfc->nbfc_fp()
 2 SYSTEMPATH\CodeIgniter.php(457): CodeIgniter\CodeIgniter->runController(Object(App\Controllers\Nbfc))
 3 SYSTEMPATH\CodeIgniter.php(340): CodeIgniter\CodeIgniter->handleRequest(null, Object(Config\Cache), false)
 4 FCPATH\index.php(67): CodeIgniter\CodeIgniter->run()
CRITICAL - 2022-10-03 08:19:11 --> Class "App\Controllers\ResetPasswordModles" not found
in APPPATH\Controllers\Nbfc.php on line 596.
 1 SYSTEMPATH\CodeIgniter.php(904): App\Controllers\Nbfc->nbfc_fp()
 2 SYSTEMPATH\CodeIgniter.php(457): CodeIgniter\CodeIgniter->runController(Object(App\Controllers\Nbfc))
 3 SYSTEMPATH\CodeIgniter.php(340): CodeIgniter\CodeIgniter->handleRequest(null, Object(Config\Cache), false)
 4 FCPATH\index.php(67): CodeIgniter\CodeIgniter->run()
CRITICAL - 2022-10-03 08:19:27 --> Class "App\Controllers\ResetPasswordModles" not found
in APPPATH\Controllers\Nbfc.php on line 596.
 1 SYSTEMPATH\CodeIgniter.php(904): App\Controllers\Nbfc->nbfc_fp()
 2 SYSTEMPATH\CodeIgniter.php(457): CodeIgniter\CodeIgniter->runController(Object(App\Controllers\Nbfc))
 3 SYSTEMPATH\CodeIgniter.php(340): CodeIgniter\CodeIgniter->handleRequest(null, Object(Config\Cache), false)
 4 FCPATH\index.php(67): CodeIgniter\CodeIgniter->run()
CRITICAL - 2022-10-03 08:19:42 --> Class "App\Controllers\ResetPasswordModles" not found
in APPPATH\Controllers\Nbfc.php on line 596.
 1 SYSTEMPATH\CodeIgniter.php(904): App\Controllers\Nbfc->nbfc_fp()
 2 SYSTEMPATH\CodeIgniter.php(457): CodeIgniter\CodeIgniter->runController(Object(App\Controllers\Nbfc))
 3 SYSTEMPATH\CodeIgniter.php(340): CodeIgniter\CodeIgniter->handleRequest(null, Object(Config\Cache), false)
 4 FCPATH\index.php(67): CodeIgniter\CodeIgniter->run()
CRITICAL - 2022-10-03 08:19:54 --> Class "App\Controllers\ResetPasswordModles" not found
in APPPATH\Controllers\Nbfc.php on line 596.
 1 SYSTEMPATH\CodeIgniter.php(904): App\Controllers\Nbfc->nbfc_fp()
 2 SYSTEMPATH\CodeIgniter.php(457): CodeIgniter\CodeIgniter->runController(Object(App\Controllers\Nbfc))
 3 SYSTEMPATH\CodeIgniter.php(340): CodeIgniter\CodeIgniter->handleRequest(null, Object(Config\Cache), false)
 4 FCPATH\index.php(67): CodeIgniter\CodeIgniter->run()
CRITICAL - 2022-10-03 08:20:28 --> Class "App\Controllers\ResetPasswordModles" not found
in APPPATH\Controllers\Nbfc.php on line 596.
 1 SYSTEMPATH\CodeIgniter.php(904): App\Controllers\Nbfc->nbfc_fp()
 2 SYSTEMPATH\CodeIgniter.php(457): CodeIgniter\CodeIgniter->runController(Object(App\Controllers\Nbfc))
 3 SYSTEMPATH\CodeIgniter.php(340): CodeIgniter\CodeIgniter->handleRequest(null, Object(Config\Cache), false)
 4 FCPATH\index.php(67): CodeIgniter\CodeIgniter->run()
CRITICAL - 2022-10-03 08:21:46 --> Class "App\Controllers\ResetPasswordModles" not found
in APPPATH\Controllers\Nbfc.php on line 596.
 1 SYSTEMPATH\CodeIgniter.php(904): App\Controllers\Nbfc->nbfc_fp()
 2 SYSTEMPATH\CodeIgniter.php(457): CodeIgniter\CodeIgniter->runController(Object(App\Controllers\Nbfc))
 3 SYSTEMPATH\CodeIgniter.php(340): CodeIgniter\CodeIgniter->handleRequest(null, Object(Config\Cache), false)
 4 FCPATH\index.php(67): CodeIgniter\CodeIgniter->run()
CRITICAL - 2022-10-03 08:21:59 --> Class "App\Controllers\ResetPasswordModles" not found
in APPPATH\Controllers\Nbfc.php on line 596.
 1 SYSTEMPATH\CodeIgniter.php(904): App\Controllers\Nbfc->nbfc_fp()
 2 SYSTEMPATH\CodeIgniter.php(457): CodeIgniter\CodeIgniter->runController(Object(App\Controllers\Nbfc))
 3 SYSTEMPATH\CodeIgniter.php(340): CodeIgniter\CodeIgniter->handleRequest(null, Object(Config\Cache), false)
 4 FCPATH\index.php(67): CodeIgniter\CodeIgniter->run()
CRITICAL - 2022-10-03 08:39:37 --> Call to undefined method CodeIgniter\HTTP\IncomingRequest::get()
in APPPATH\Controllers\Nbfc.php on line 596.
 1 SYSTEMPATH\CodeIgniter.php(904): App\Controllers\Nbfc->password_reset()
 2 SYSTEMPATH\CodeIgniter.php(457): CodeIgniter\CodeIgniter->runController(Object(App\Controllers\Nbfc))
 3 SYSTEMPATH\CodeIgniter.php(340): CodeIgniter\CodeIgniter->handleRequest(null, Object(Config\Cache), false)
 4 FCPATH\index.php(67): CodeIgniter\CodeIgniter->run()
CRITICAL - 2022-10-03 08:40:39 --> Undefined property: App\Controllers\Nbfc::$input
in APPPATH\Controllers\Nbfc.php on line 596.
 1 APPPATH\Controllers\Nbfc.php(596): CodeIgniter\Debug\Exceptions->errorHandler(2, 'Undefined property: App\\Controllers\\Nbfc::$input', 'APPPATH\\Controllers\\Nbfc.php', 596)
 2 SYSTEMPATH\CodeIgniter.php(904): App\Controllers\Nbfc->password_reset()
 3 SYSTEMPATH\CodeIgniter.php(457): CodeIgniter\CodeIgniter->runController(Object(App\Controllers\Nbfc))
 4 SYSTEMPATH\CodeIgniter.php(340): CodeIgniter\CodeIgniter->handleRequest(null, Object(Config\Cache), false)
 5 FCPATH\index.php(67): CodeIgniter\CodeIgniter->run()
CRITICAL - 2022-10-03 08:42:19 --> Invalid file: /nbfc/password_reset?token=4285.php
in SYSTEMPATH\Exceptions\FrameworkException.php on line 33.
 1 SYSTEMPATH\View\View.php(201): CodeIgniter\Exceptions\FrameworkException::forInvalidFile('/nbfc/password_reset?token=4285.php')
 2 SYSTEMPATH\Common.php(1137): CodeIgniter\View\View->render('/nbfc/password_reset?token=4285', [], true)
 3 APPPATH\Controllers\Nbfc.php(597): view('/nbfc/password_reset?token=4285')
 4 SYSTEMPATH\CodeIgniter.php(904): App\Controllers\Nbfc->password_reset()
 5 SYSTEMPATH\CodeIgniter.php(457): CodeIgniter\CodeIgniter->runController(Object(App\Controllers\Nbfc))
 6 SYSTEMPATH\CodeIgniter.php(340): CodeIgniter\CodeIgniter->handleRequest(null, Object(Config\Cache), false)
 7 FCPATH\index.php(67): CodeIgniter\CodeIgniter->run()
CRITICAL - 2022-10-03 08:42:54 --> Invalid file: /nbfc/password_reset?token=4285.php
in SYSTEMPATH\Exceptions\FrameworkException.php on line 33.
 1 SYSTEMPATH\View\View.php(201): CodeIgniter\Exceptions\FrameworkException::forInvalidFile('/nbfc/password_reset?token=4285.php')
 2 SYSTEMPATH\Common.php(1137): CodeIgniter\View\View->render('/nbfc/password_reset?token=4285', [], true)
 3 APPPATH\Controllers\Nbfc.php(597): view('/nbfc/password_reset?token=4285')
 4 SYSTEMPATH\CodeIgniter.php(904): App\Controllers\Nbfc->password_reset()
 5 SYSTEMPATH\CodeIgniter.php(457): CodeIgniter\CodeIgniter->runController(Object(App\Controllers\Nbfc))
 6 SYSTEMPATH\CodeIgniter.php(340): CodeIgniter\CodeIgniter->handleRequest(null, Object(Config\Cache), false)
 7 FCPATH\index.php(67): CodeIgniter\CodeIgniter->run()
CRITICAL - 2022-10-03 08:43:06 --> Invalid file: /nbfc/password_reset?token.php
in SYSTEMPATH\Exceptions\FrameworkException.php on line 33.
 1 SYSTEMPATH\View\View.php(201): CodeIgniter\Exceptions\FrameworkException::forInvalidFile('/nbfc/password_reset?token.php')
 2 SYSTEMPATH\Common.php(1137): CodeIgniter\View\View->render('/nbfc/password_reset?token', [], true)
 3 APPPATH\Controllers\Nbfc.php(597): view('/nbfc/password_reset?token')
 4 SYSTEMPATH\CodeIgniter.php(904): App\Controllers\Nbfc->password_reset()
 5 SYSTEMPATH\CodeIgniter.php(457): CodeIgniter\CodeIgniter->runController(Object(App\Controllers\Nbfc))
 6 SYSTEMPATH\CodeIgniter.php(340): CodeIgniter\CodeIgniter->handleRequest(null, Object(Config\Cache), false)
 7 FCPATH\index.php(67): CodeIgniter\CodeIgniter->run()
CRITICAL - 2022-10-03 08:44:05 --> Invalid file: http://localhost/leasiffronts/nbfc/password_reset?token=4285.php
in SYSTEMPATH\Exceptions\FrameworkException.php on line 33.
 1 SYSTEMPATH\View\View.php(201): CodeIgniter\Exceptions\FrameworkException::forInvalidFile('http://localhost/leasiffronts/nbfc/password_reset?token=4285.php')
 2 SYSTEMPATH\Common.php(1137): CodeIgniter\View\View->render('http://localhost/leasiffronts/nbfc/password_reset?token=4285', [], true)
 3 APPPATH\Controllers\Nbfc.php(598): view('http://localhost/leasiffronts/nbfc/password_reset?token=4285')
 4 SYSTEMPATH\CodeIgniter.php(904): App\Controllers\Nbfc->password_reset()
 5 SYSTEMPATH\CodeIgniter.php(457): CodeIgniter\CodeIgniter->runController(Object(App\Controllers\Nbfc))
 6 SYSTEMPATH\CodeIgniter.php(340): CodeIgniter\CodeIgniter->handleRequest(null, Object(Config\Cache), false)
 7 FCPATH\index.php(67): CodeIgniter\CodeIgniter->run()
CRITICAL - 2022-10-03 08:57:54 --> Call to undefined method CodeIgniter\Database\MySQLi\Result::result()
in APPPATH\Models\LoginModles.php on line 50.
 1 APPPATH\Controllers\Nbfc.php(597): App\Models\LoginModles->checktoken('4285')
 2 SYSTEMPATH\CodeIgniter.php(904): App\Controllers\Nbfc->password_reset()
 3 SYSTEMPATH\CodeIgniter.php(457): CodeIgniter\CodeIgniter->runController(Object(App\Controllers\Nbfc))
 4 SYSTEMPATH\CodeIgniter.php(340): CodeIgniter\CodeIgniter->handleRequest(null, Object(Config\Cache), false)
 5 FCPATH\index.php(67): CodeIgniter\CodeIgniter->run()
CRITICAL - 2022-10-03 08:58:34 --> count(): Argument #1 ($value) must be of type Countable|array, null given
in APPPATH\Controllers\Nbfc.php on line 599.
 1 APPPATH\Controllers\Nbfc.php(599): count(null)
 2 SYSTEMPATH\CodeIgniter.php(904): App\Controllers\Nbfc->password_reset()
 3 SYSTEMPATH\CodeIgniter.php(457): CodeIgniter\CodeIgniter->runController(Object(App\Controllers\Nbfc))
 4 SYSTEMPATH\CodeIgniter.php(340): CodeIgniter\CodeIgniter->handleRequest(null, Object(Config\Cache), false)
 5 FCPATH\index.php(67): CodeIgniter\CodeIgniter->run()
CRITICAL - 2022-10-03 09:00:07 --> CodeIgniter\Database\BaseConnection::query(): Argument #1 ($sql) must be of type string, CodeIgniter\Database\MySQLi\Result given, called in C:\xampp\htdocs\leasiffronts\app\Models\LoginModles.php on line 50
in SYSTEMPATH\Database\BaseConnection.php on line 583.
 1 APPPATH\Models\LoginModles.php(50): CodeIgniter\Database\BaseConnection->query(Object(CodeIgniter\Database\MySQLi\Result))
 2 APPPATH\Controllers\Nbfc.php(597): App\Models\LoginModles->checktoken('4285')
 3 SYSTEMPATH\CodeIgniter.php(904): App\Controllers\Nbfc->password_reset()
 4 SYSTEMPATH\CodeIgniter.php(457): CodeIgniter\CodeIgniter->runController(Object(App\Controllers\Nbfc))
 5 SYSTEMPATH\CodeIgniter.php(340): CodeIgniter\CodeIgniter->handleRequest(null, Object(Config\Cache), false)
 6 FCPATH\index.php(67): CodeIgniter\CodeIgniter->run()
CRITICAL - 2022-10-03 09:00:32 --> count(): Argument #1 ($value) must be of type Countable|array, CodeIgniter\Database\MySQLi\Result given
in APPPATH\Controllers\Nbfc.php on line 599.
 1 APPPATH\Controllers\Nbfc.php(599): count(Object(CodeIgniter\Database\MySQLi\Result))
 2 SYSTEMPATH\CodeIgniter.php(904): App\Controllers\Nbfc->password_reset()
 3 SYSTEMPATH\CodeIgniter.php(457): CodeIgniter\CodeIgniter->runController(Object(App\Controllers\Nbfc))
 4 SYSTEMPATH\CodeIgniter.php(340): CodeIgniter\CodeIgniter->handleRequest(null, Object(Config\Cache), false)
 5 FCPATH\index.php(67): CodeIgniter\CodeIgniter->run()
CRITICAL - 2022-10-03 19:33:31 --> Undefined variable $session
in APPPATH\Controllers\Nbfc.php on line 609.
 1 APPPATH\Controllers\Nbfc.php(609): CodeIgniter\Debug\Exceptions->errorHandler(2, 'Undefined variable $session', 'APPPATH\\Controllers\\Nbfc.php', 609)
 2 SYSTEMPATH\CodeIgniter.php(904): App\Controllers\Nbfc->password_reset()
 3 SYSTEMPATH\CodeIgniter.php(457): CodeIgniter\CodeIgniter->runController(Object(App\Controllers\Nbfc))
 4 SYSTEMPATH\CodeIgniter.php(340): CodeIgniter\CodeIgniter->handleRequest(null, Object(Config\Cache), false)
 5 FCPATH\index.php(67): CodeIgniter\CodeIgniter->run()
CRITICAL - 2022-10-03 19:33:43 --> Undefined variable $session
in APPPATH\Controllers\Nbfc.php on line 609.
 1 APPPATH\Controllers\Nbfc.php(609): CodeIgniter\Debug\Exceptions->errorHandler(2, 'Undefined variable $session', 'APPPATH\\Controllers\\Nbfc.php', 609)
 2 SYSTEMPATH\CodeIgniter.php(904): App\Controllers\Nbfc->password_reset()
 3 SYSTEMPATH\CodeIgniter.php(457): CodeIgniter\CodeIgniter->runController(Object(App\Controllers\Nbfc))
 4 SYSTEMPATH\CodeIgniter.php(340): CodeIgniter\CodeIgniter->handleRequest(null, Object(Config\Cache), false)
 5 FCPATH\index.php(67): CodeIgniter\CodeIgniter->run()
CRITICAL - 2022-10-03 19:34:05 --> Attempt to read property "emailid" on array
in APPPATH\Controllers\Nbfc.php on line 610.
 1 APPPATH\Controllers\Nbfc.php(610): CodeIgniter\Debug\Exceptions->errorHandler(2, 'Attempt to read property "emailid" on array', 'APPPATH\\Controllers\\Nbfc.php', 610)
 2 SYSTEMPATH\CodeIgniter.php(904): App\Controllers\Nbfc->password_reset()
 3 SYSTEMPATH\CodeIgniter.php(457): CodeIgniter\CodeIgniter->runController(Object(App\Controllers\Nbfc))
 4 SYSTEMPATH\CodeIgniter.php(340): CodeIgniter\CodeIgniter->handleRequest(null, Object(Config\Cache), false)
 5 FCPATH\index.php(67): CodeIgniter\CodeIgniter->run()
CRITICAL - 2022-10-03 19:35:40 --> Undefined property: stdClass::$emailid
in APPPATH\Controllers\Nbfc.php on line 611.
 1 APPPATH\Controllers\Nbfc.php(611): CodeIgniter\Debug\Exceptions->errorHandler(2, 'Undefined property: stdClass::$emailid', 'APPPATH\\Controllers\\Nbfc.php', 611)
 2 SYSTEMPATH\CodeIgniter.php(904): App\Controllers\Nbfc->password_reset()
 3 SYSTEMPATH\CodeIgniter.php(457): CodeIgniter\CodeIgniter->runController(Object(App\Controllers\Nbfc))
 4 SYSTEMPATH\CodeIgniter.php(340): CodeIgniter\CodeIgniter->handleRequest(null, Object(Config\Cache), false)
 5 FCPATH\index.php(67): CodeIgniter\CodeIgniter->run()
CRITICAL - 2022-10-03 09:36:17 --> count(): Argument #1 ($value) must be of type Countable|array, null given
in APPPATH\Controllers\Nbfc.php on line 314.
 1 APPPATH\Controllers\Nbfc.php(314): count(null)
 2 SYSTEMPATH\CodeIgniter.php(904): App\Controllers\Nbfc->nbfc_login()
 3 SYSTEMPATH\CodeIgniter.php(457): CodeIgniter\CodeIgniter->runController(Object(App\Controllers\Nbfc))
 4 SYSTEMPATH\CodeIgniter.php(340): CodeIgniter\CodeIgniter->handleRequest(null, Object(Config\Cache), false)
 5 FCPATH\index.php(67): CodeIgniter\CodeIgniter->run()
