CRITICAL - 2022-10-18 04:42:43 --> Unsupported operand types: string * int
in APPPATH\Controllers\Admin.php on line 500.
 1 SYSTEMPATH\CodeIgniter.php(904): App\Controllers\Admin->add_payment()
 2 SYSTEMPATH\CodeIgniter.php(457): CodeIgniter\CodeIgniter->runController(Object(App\Controllers\Admin))
 3 SYSTEMPATH\CodeIgniter.php(340): CodeIgniter\CodeIgniter->handleRequest(null, Object(Config\Cache), false)
 4 FCPATH\index.php(67): CodeIgniter\CodeIgniter->run()
CRITICAL - 2022-10-18 04:42:54 --> Unsupported operand types: string * int
in APPPATH\Controllers\Admin.php on line 500.
 1 SYSTEMPATH\CodeIgniter.php(904): App\Controllers\Admin->add_payment()
 2 SYSTEMPATH\CodeIgniter.php(457): CodeIgniter\CodeIgniter->runController(Object(App\Controllers\Admin))
 3 SYSTEMPATH\CodeIgniter.php(340): CodeIgniter\CodeIgniter->handleRequest(null, Object(Config\Cache), false)
 4 FCPATH\index.php(67): CodeIgniter\CodeIgniter->run()
CRITICAL - 2022-10-18 04:42:55 --> Unsupported operand types: string * int
in APPPATH\Controllers\Admin.php on line 500.
 1 SYSTEMPATH\CodeIgniter.php(904): App\Controllers\Admin->add_payment()
 2 SYSTEMPATH\CodeIgniter.php(457): CodeIgniter\CodeIgniter->runController(Object(App\Controllers\Admin))
 3 SYSTEMPATH\CodeIgniter.php(340): CodeIgniter\CodeIgniter->handleRequest(null, Object(Config\Cache), false)
 4 FCPATH\index.php(67): CodeIgniter\CodeIgniter->run()
CRITICAL - 2022-10-18 04:43:14 --> Unsupported operand types: string * int
in APPPATH\Controllers\Admin.php on line 500.
 1 SYSTEMPATH\CodeIgniter.php(904): App\Controllers\Admin->add_payment()
 2 SYSTEMPATH\CodeIgniter.php(457): CodeIgniter\CodeIgniter->runController(Object(App\Controllers\Admin))
 3 SYSTEMPATH\CodeIgniter.php(340): CodeIgniter\CodeIgniter->handleRequest(null, Object(Config\Cache), false)
 4 FCPATH\index.php(67): CodeIgniter\CodeIgniter->run()
CRITICAL - 2022-10-18 04:43:54 --> Unsupported operand types: string * int
in APPPATH\Controllers\Admin.php on line 500.
 1 SYSTEMPATH\CodeIgniter.php(904): App\Controllers\Admin->add_payment()
 2 SYSTEMPATH\CodeIgniter.php(457): CodeIgniter\CodeIgniter->runController(Object(App\Controllers\Admin))
 3 SYSTEMPATH\CodeIgniter.php(340): CodeIgniter\CodeIgniter->handleRequest(null, Object(Config\Cache), false)
 4 FCPATH\index.php(67): CodeIgniter\CodeIgniter->run()
CRITICAL - 2022-10-18 05:38:29 --> Unsupported operand types: string * int
in APPPATH\Controllers\Admin.php on line 500.
 1 SYSTEMPATH\CodeIgniter.php(904): App\Controllers\Admin->add_payment()
 2 SYSTEMPATH\CodeIgniter.php(457): CodeIgniter\CodeIgniter->runController(Object(App\Controllers\Admin))
 3 SYSTEMPATH\CodeIgniter.php(340): CodeIgniter\CodeIgniter->handleRequest(null, Object(Config\Cache), false)
 4 FCPATH\index.php(67): CodeIgniter\CodeIgniter->run()
CRITICAL - 2022-10-18 05:44:21 --> Unsupported operand types: string * int
in APPPATH\Controllers\Admin.php on line 500.
 1 SYSTEMPATH\CodeIgniter.php(904): App\Controllers\Admin->add_payment()
 2 SYSTEMPATH\CodeIgniter.php(457): CodeIgniter\CodeIgniter->runController(Object(App\Controllers\Admin))
 3 SYSTEMPATH\CodeIgniter.php(340): CodeIgniter\CodeIgniter->handleRequest(null, Object(Config\Cache), false)
 4 FCPATH\index.php(67): CodeIgniter\CodeIgniter->run()
CRITICAL - 2022-10-18 05:45:37 --> Unsupported operand types: string * int
in APPPATH\Controllers\Admin.php on line 500.
 1 SYSTEMPATH\CodeIgniter.php(904): App\Controllers\Admin->add_payment()
 2 SYSTEMPATH\CodeIgniter.php(457): CodeIgniter\CodeIgniter->runController(Object(App\Controllers\Admin))
 3 SYSTEMPATH\CodeIgniter.php(340): CodeIgniter\CodeIgniter->handleRequest(null, Object(Config\Cache), false)
 4 FCPATH\index.php(67): CodeIgniter\CodeIgniter->run()
CRITICAL - 2022-10-18 05:46:08 --> Unsupported operand types: string * int
in APPPATH\Controllers\Admin.php on line 500.
 1 SYSTEMPATH\CodeIgniter.php(904): App\Controllers\Admin->add_payment()
 2 SYSTEMPATH\CodeIgniter.php(457): CodeIgniter\CodeIgniter->runController(Object(App\Controllers\Admin))
 3 SYSTEMPATH\CodeIgniter.php(340): CodeIgniter\CodeIgniter->handleRequest(null, Object(Config\Cache), false)
 4 FCPATH\index.php(67): CodeIgniter\CodeIgniter->run()
CRITICAL - 2022-10-18 05:47:49 --> Unsupported operand types: string * int
in APPPATH\Controllers\Admin.php on line 500.
 1 SYSTEMPATH\CodeIgniter.php(904): App\Controllers\Admin->add_payment()
 2 SYSTEMPATH\CodeIgniter.php(457): CodeIgniter\CodeIgniter->runController(Object(App\Controllers\Admin))
 3 SYSTEMPATH\CodeIgniter.php(340): CodeIgniter\CodeIgniter->handleRequest(null, Object(Config\Cache), false)
 4 FCPATH\index.php(67): CodeIgniter\CodeIgniter->run()
CRITICAL - 2022-10-18 05:48:03 --> Unsupported operand types: string * int
in APPPATH\Controllers\Admin.php on line 500.
 1 SYSTEMPATH\CodeIgniter.php(904): App\Controllers\Admin->add_payment()
 2 SYSTEMPATH\CodeIgniter.php(457): CodeIgniter\CodeIgniter->runController(Object(App\Controllers\Admin))
 3 SYSTEMPATH\CodeIgniter.php(340): CodeIgniter\CodeIgniter->handleRequest(null, Object(Config\Cache), false)
 4 FCPATH\index.php(67): CodeIgniter\CodeIgniter->run()
CRITICAL - 2022-10-18 05:49:17 --> Unsupported operand types: string * int
in APPPATH\Controllers\Admin.php on line 500.
 1 SYSTEMPATH\CodeIgniter.php(904): App\Controllers\Admin->add_payment()
 2 SYSTEMPATH\CodeIgniter.php(457): CodeIgniter\CodeIgniter->runController(Object(App\Controllers\Admin))
 3 SYSTEMPATH\CodeIgniter.php(340): CodeIgniter\CodeIgniter->handleRequest(null, Object(Config\Cache), false)
 4 FCPATH\index.php(67): CodeIgniter\CodeIgniter->run()
CRITICAL - 2022-10-18 05:49:29 --> Unsupported operand types: string * int
in APPPATH\Controllers\Admin.php on line 500.
 1 SYSTEMPATH\CodeIgniter.php(904): App\Controllers\Admin->add_payment()
 2 SYSTEMPATH\CodeIgniter.php(457): CodeIgniter\CodeIgniter->runController(Object(App\Controllers\Admin))
 3 SYSTEMPATH\CodeIgniter.php(340): CodeIgniter\CodeIgniter->handleRequest(null, Object(Config\Cache), false)
 4 FCPATH\index.php(67): CodeIgniter\CodeIgniter->run()
CRITICAL - 2022-10-18 05:50:54 --> Unsupported operand types: string * int
in APPPATH\Controllers\Admin.php on line 500.
 1 SYSTEMPATH\CodeIgniter.php(904): App\Controllers\Admin->add_payment()
 2 SYSTEMPATH\CodeIgniter.php(457): CodeIgniter\CodeIgniter->runController(Object(App\Controllers\Admin))
 3 SYSTEMPATH\CodeIgniter.php(340): CodeIgniter\CodeIgniter->handleRequest(null, Object(Config\Cache), false)
 4 FCPATH\index.php(67): CodeIgniter\CodeIgniter->run()
CRITICAL - 2022-10-18 05:52:41 --> Unsupported operand types: string * int
in APPPATH\Controllers\Admin.php on line 500.
 1 SYSTEMPATH\CodeIgniter.php(904): App\Controllers\Admin->add_payment()
 2 SYSTEMPATH\CodeIgniter.php(457): CodeIgniter\CodeIgniter->runController(Object(App\Controllers\Admin))
 3 SYSTEMPATH\CodeIgniter.php(340): CodeIgniter\CodeIgniter->handleRequest(null, Object(Config\Cache), false)
 4 FCPATH\index.php(67): CodeIgniter\CodeIgniter->run()
CRITICAL - 2022-10-18 06:49:24 --> syntax error, unexpected token "/"
in APPPATH\Controllers\Nbfc.php on line 696.
 1 SYSTEMPATH\Autoloader\Autoloader.php(259): CodeIgniter\Autoloader\Autoloader->includeFile('APPPATH\\Controllers\\Nbfc.php')
 2 SYSTEMPATH\Autoloader\Autoloader.php(237): CodeIgniter\Autoloader\Autoloader->loadInNamespace('App\\Controllers\\Nbfc')
 3 [internal function]: CodeIgniter\Autoloader\Autoloader->loadClass('App\\Controllers\\Nbfc')
 4 SYSTEMPATH\CodeIgniter.php(854): class_exists('\\App\\Controllers\\Nbfc', true)
 5 SYSTEMPATH\CodeIgniter.php(444): CodeIgniter\CodeIgniter->startController()
 6 SYSTEMPATH\CodeIgniter.php(340): CodeIgniter\CodeIgniter->handleRequest(null, Object(Config\Cache), false)
 7 FCPATH\index.php(67): CodeIgniter\CodeIgniter->run()
CRITICAL - 2022-10-18 09:23:54 --> syntax error, unexpected token "foreach"
in APPPATH\Views\admin\customer.php on line 177.
 1 SYSTEMPATH\View\View.php(216): CodeIgniter\View\View->CodeIgniter\View\{closure}()
 2 SYSTEMPATH\Common.php(1137): CodeIgniter\View\View->render('admin/customer', [], true)
 3 APPPATH\Controllers\Admin.php(53): view('admin/customer', [...])
 4 SYSTEMPATH\CodeIgniter.php(904): App\Controllers\Admin->customer()
 5 SYSTEMPATH\CodeIgniter.php(457): CodeIgniter\CodeIgniter->runController(Object(App\Controllers\Admin))
 6 SYSTEMPATH\CodeIgniter.php(340): CodeIgniter\CodeIgniter->handleRequest(null, Object(Config\Cache), false)
 7 FCPATH\index.php(67): CodeIgniter\CodeIgniter->run()
CRITICAL - 2022-10-18 10:23:30 --> Undefined array key "firstname"
in APPPATH\Views\nbfc\myaccount.php on line 43.
 1 APPPATH\Views\nbfc\myaccount.php(43): CodeIgniter\Debug\Exceptions->errorHandler(2, 'Undefined array key "firstname"', 'APPPATH\\Views\\nbfc\\myaccount.php', 43)
 2 SYSTEMPATH\View\View.php(213): include('APPPATH\\Views\\nbfc\\myaccount.php')
 3 SYSTEMPATH\View\View.php(216): CodeIgniter\View\View->CodeIgniter\View\{closure}()
 4 SYSTEMPATH\Common.php(1137): CodeIgniter\View\View->render('nbfc/myaccount', [], true)
 5 APPPATH\Controllers\Nbfc.php(697): view('nbfc/myaccount', [...])
 6 SYSTEMPATH\CodeIgniter.php(904): App\Controllers\Nbfc->myaccount()
 7 SYSTEMPATH\CodeIgniter.php(457): CodeIgniter\CodeIgniter->runController(Object(App\Controllers\Nbfc))
 8 SYSTEMPATH\CodeIgniter.php(340): CodeIgniter\CodeIgniter->handleRequest(null, Object(Config\Cache), false)
 9 FCPATH\index.php(67): CodeIgniter\CodeIgniter->run()
CRITICAL - 2022-10-18 10:23:48 --> Undefined array key "firstname"
in APPPATH\Views\nbfc\myaccount.php on line 43.
 1 APPPATH\Views\nbfc\myaccount.php(43): CodeIgniter\Debug\Exceptions->errorHandler(2, 'Undefined array key "firstname"', 'APPPATH\\Views\\nbfc\\myaccount.php', 43)
 2 SYSTEMPATH\View\View.php(213): include('APPPATH\\Views\\nbfc\\myaccount.php')
 3 SYSTEMPATH\View\View.php(216): CodeIgniter\View\View->CodeIgniter\View\{closure}()
 4 SYSTEMPATH\Common.php(1137): CodeIgniter\View\View->render('nbfc/myaccount', [], true)
 5 APPPATH\Controllers\Nbfc.php(697): view('nbfc/myaccount', [...])
 6 SYSTEMPATH\CodeIgniter.php(904): App\Controllers\Nbfc->myaccount()
 7 SYSTEMPATH\CodeIgniter.php(457): CodeIgniter\CodeIgniter->runController(Object(App\Controllers\Nbfc))
 8 SYSTEMPATH\CodeIgniter.php(340): CodeIgniter\CodeIgniter->handleRequest(null, Object(Config\Cache), false)
 9 FCPATH\index.php(67): CodeIgniter\CodeIgniter->run()
CRITICAL - 2022-10-18 10:24:04 --> syntax error, unexpected token "=>", expecting "," or ";"
in APPPATH\Views\nbfc\myaccount.php on line 43.
 1 SYSTEMPATH\View\View.php(216): CodeIgniter\View\View->CodeIgniter\View\{closure}()
 2 SYSTEMPATH\Common.php(1137): CodeIgniter\View\View->render('nbfc/myaccount', [], true)
 3 APPPATH\Controllers\Nbfc.php(697): view('nbfc/myaccount', [...])
 4 SYSTEMPATH\CodeIgniter.php(904): App\Controllers\Nbfc->myaccount()
 5 SYSTEMPATH\CodeIgniter.php(457): CodeIgniter\CodeIgniter->runController(Object(App\Controllers\Nbfc))
 6 SYSTEMPATH\CodeIgniter.php(340): CodeIgniter\CodeIgniter->handleRequest(null, Object(Config\Cache), false)
 7 FCPATH\index.php(67): CodeIgniter\CodeIgniter->run()
CRITICAL - 2022-10-18 10:24:16 --> Attempt to read property "firstname" on array
in APPPATH\Views\nbfc\myaccount.php on line 43.
 1 APPPATH\Views\nbfc\myaccount.php(43): CodeIgniter\Debug\Exceptions->errorHandler(2, 'Attempt to read property "firstname" on array', 'APPPATH\\Views\\nbfc\\myaccount.php', 43)
 2 SYSTEMPATH\View\View.php(213): include('APPPATH\\Views\\nbfc\\myaccount.php')
 3 SYSTEMPATH\View\View.php(216): CodeIgniter\View\View->CodeIgniter\View\{closure}()
 4 SYSTEMPATH\Common.php(1137): CodeIgniter\View\View->render('nbfc/myaccount', [], true)
 5 APPPATH\Controllers\Nbfc.php(697): view('nbfc/myaccount', [...])
 6 SYSTEMPATH\CodeIgniter.php(904): App\Controllers\Nbfc->myaccount()
 7 SYSTEMPATH\CodeIgniter.php(457): CodeIgniter\CodeIgniter->runController(Object(App\Controllers\Nbfc))
 8 SYSTEMPATH\CodeIgniter.php(340): CodeIgniter\CodeIgniter->handleRequest(null, Object(Config\Cache), false)
 9 FCPATH\index.php(67): CodeIgniter\CodeIgniter->run()
CRITICAL - 2022-10-18 10:26:07 --> syntax error, unexpected token "[", expecting identifier or variable or "{" or "$"
in APPPATH\Views\nbfc\myaccount.php on line 43.
 1 SYSTEMPATH\View\View.php(216): CodeIgniter\View\View->CodeIgniter\View\{closure}()
 2 SYSTEMPATH\Common.php(1137): CodeIgniter\View\View->render('nbfc/myaccount', [], true)
 3 APPPATH\Controllers\Nbfc.php(697): view('nbfc/myaccount', [...])
 4 SYSTEMPATH\CodeIgniter.php(904): App\Controllers\Nbfc->myaccount()
 5 SYSTEMPATH\CodeIgniter.php(457): CodeIgniter\CodeIgniter->runController(Object(App\Controllers\Nbfc))
 6 SYSTEMPATH\CodeIgniter.php(340): CodeIgniter\CodeIgniter->handleRequest(null, Object(Config\Cache), false)
 7 FCPATH\index.php(67): CodeIgniter\CodeIgniter->run()
CRITICAL - 2022-10-18 10:26:21 --> Undefined array key "firstname"
in APPPATH\Views\nbfc\myaccount.php on line 43.
 1 APPPATH\Views\nbfc\myaccount.php(43): CodeIgniter\Debug\Exceptions->errorHandler(2, 'Undefined array key "firstname"', 'APPPATH\\Views\\nbfc\\myaccount.php', 43)
 2 SYSTEMPATH\View\View.php(213): include('APPPATH\\Views\\nbfc\\myaccount.php')
 3 SYSTEMPATH\View\View.php(216): CodeIgniter\View\View->CodeIgniter\View\{closure}()
 4 SYSTEMPATH\Common.php(1137): CodeIgniter\View\View->render('nbfc/myaccount', [], true)
 5 APPPATH\Controllers\Nbfc.php(697): view('nbfc/myaccount', [...])
 6 SYSTEMPATH\CodeIgniter.php(904): App\Controllers\Nbfc->myaccount()
 7 SYSTEMPATH\CodeIgniter.php(457): CodeIgniter\CodeIgniter->runController(Object(App\Controllers\Nbfc))
 8 SYSTEMPATH\CodeIgniter.php(340): CodeIgniter\CodeIgniter->handleRequest(null, Object(Config\Cache), false)
 9 FCPATH\index.php(67): CodeIgniter\CodeIgniter->run()
CRITICAL - 2022-10-18 10:29:15 --> Attempt to read property "firstname" on array
in APPPATH\Views\nbfc\myaccount.php on line 43.
 1 APPPATH\Views\nbfc\myaccount.php(43): CodeIgniter\Debug\Exceptions->errorHandler(2, 'Attempt to read property "firstname" on array', 'APPPATH\\Views\\nbfc\\myaccount.php', 43)
 2 SYSTEMPATH\View\View.php(213): include('APPPATH\\Views\\nbfc\\myaccount.php')
 3 SYSTEMPATH\View\View.php(216): CodeIgniter\View\View->CodeIgniter\View\{closure}()
 4 SYSTEMPATH\Common.php(1137): CodeIgniter\View\View->render('nbfc/myaccount', [], true)
 5 APPPATH\Controllers\Nbfc.php(697): view('nbfc/myaccount', [...])
 6 SYSTEMPATH\CodeIgniter.php(904): App\Controllers\Nbfc->myaccount()
 7 SYSTEMPATH\CodeIgniter.php(457): CodeIgniter\CodeIgniter->runController(Object(App\Controllers\Nbfc))
 8 SYSTEMPATH\CodeIgniter.php(340): CodeIgniter\CodeIgniter->handleRequest(null, Object(Config\Cache), false)
 9 FCPATH\index.php(67): CodeIgniter\CodeIgniter->run()
CRITICAL - 2022-10-18 10:37:46 --> Undefined variable $data
in APPPATH\Controllers\Nbfc.php on line 698.
 1 APPPATH\Controllers\Nbfc.php(698): CodeIgniter\Debug\Exceptions->errorHandler(2, 'Undefined variable $data', 'APPPATH\\Controllers\\Nbfc.php', 698)
 2 SYSTEMPATH\CodeIgniter.php(904): App\Controllers\Nbfc->myaccount()
 3 SYSTEMPATH\CodeIgniter.php(457): CodeIgniter\CodeIgniter->runController(Object(App\Controllers\Nbfc))
 4 SYSTEMPATH\CodeIgniter.php(340): CodeIgniter\CodeIgniter->handleRequest(null, Object(Config\Cache), false)
 5 FCPATH\index.php(67): CodeIgniter\CodeIgniter->run()
CRITICAL - 2022-10-18 10:38:06 --> Undefined variable $profiledetails
in APPPATH\Views\nbfc\myaccount.php on line 41.
 1 APPPATH\Views\nbfc\myaccount.php(41): CodeIgniter\Debug\Exceptions->errorHandler(2, 'Undefined variable $profiledetails', 'APPPATH\\Views\\nbfc\\myaccount.php', 41)
 2 SYSTEMPATH\View\View.php(213): include('APPPATH\\Views\\nbfc\\myaccount.php')
 3 SYSTEMPATH\View\View.php(216): CodeIgniter\View\View->CodeIgniter\View\{closure}()
 4 SYSTEMPATH\Common.php(1137): CodeIgniter\View\View->render('nbfc/myaccount', [], true)
 5 APPPATH\Controllers\Nbfc.php(698): view('nbfc/myaccount', [])
 6 SYSTEMPATH\CodeIgniter.php(904): App\Controllers\Nbfc->myaccount()
 7 SYSTEMPATH\CodeIgniter.php(457): CodeIgniter\CodeIgniter->runController(Object(App\Controllers\Nbfc))
 8 SYSTEMPATH\CodeIgniter.php(340): CodeIgniter\CodeIgniter->handleRequest(null, Object(Config\Cache), false)
 9 FCPATH\index.php(67): CodeIgniter\CodeIgniter->run()
CRITICAL - 2022-10-18 10:38:24 --> Undefined variable $profiledetails
in APPPATH\Views\nbfc\myaccount.php on line 41.
 1 APPPATH\Views\nbfc\myaccount.php(41): CodeIgniter\Debug\Exceptions->errorHandler(2, 'Undefined variable $profiledetails', 'APPPATH\\Views\\nbfc\\myaccount.php', 41)
 2 SYSTEMPATH\View\View.php(213): include('APPPATH\\Views\\nbfc\\myaccount.php')
 3 SYSTEMPATH\View\View.php(216): CodeIgniter\View\View->CodeIgniter\View\{closure}()
 4 SYSTEMPATH\Common.php(1137): CodeIgniter\View\View->render('nbfc/myaccount', [], true)
 5 APPPATH\Controllers\Nbfc.php(698): view('nbfc/myaccount', [...])
 6 SYSTEMPATH\CodeIgniter.php(904): App\Controllers\Nbfc->myaccount()
 7 SYSTEMPATH\CodeIgniter.php(457): CodeIgniter\CodeIgniter->runController(Object(App\Controllers\Nbfc))
 8 SYSTEMPATH\CodeIgniter.php(340): CodeIgniter\CodeIgniter->handleRequest(null, Object(Config\Cache), false)
 9 FCPATH\index.php(67): CodeIgniter\CodeIgniter->run()
CRITICAL - 2022-10-18 10:38:26 --> Undefined variable $profiledetails
in APPPATH\Views\nbfc\myaccount.php on line 41.
 1 APPPATH\Views\nbfc\myaccount.php(41): CodeIgniter\Debug\Exceptions->errorHandler(2, 'Undefined variable $profiledetails', 'APPPATH\\Views\\nbfc\\myaccount.php', 41)
 2 SYSTEMPATH\View\View.php(213): include('APPPATH\\Views\\nbfc\\myaccount.php')
 3 SYSTEMPATH\View\View.php(216): CodeIgniter\View\View->CodeIgniter\View\{closure}()
 4 SYSTEMPATH\Common.php(1137): CodeIgniter\View\View->render('nbfc/myaccount', [], true)
 5 APPPATH\Controllers\Nbfc.php(698): view('nbfc/myaccount', [...])
 6 SYSTEMPATH\CodeIgniter.php(904): App\Controllers\Nbfc->myaccount()
 7 SYSTEMPATH\CodeIgniter.php(457): CodeIgniter\CodeIgniter->runController(Object(App\Controllers\Nbfc))
 8 SYSTEMPATH\CodeIgniter.php(340): CodeIgniter\CodeIgniter->handleRequest(null, Object(Config\Cache), false)
 9 FCPATH\index.php(67): CodeIgniter\CodeIgniter->run()
CRITICAL - 2022-10-18 10:42:10 --> Undefined array key "firstname"
in APPPATH\Views\nbfc\myaccount.php on line 43.
 1 APPPATH\Views\nbfc\myaccount.php(43): CodeIgniter\Debug\Exceptions->errorHandler(2, 'Undefined array key "firstname"', 'APPPATH\\Views\\nbfc\\myaccount.php', 43)
 2 SYSTEMPATH\View\View.php(213): include('APPPATH\\Views\\nbfc\\myaccount.php')
 3 SYSTEMPATH\View\View.php(216): CodeIgniter\View\View->CodeIgniter\View\{closure}()
 4 SYSTEMPATH\Common.php(1137): CodeIgniter\View\View->render('nbfc/myaccount', [], true)
 5 APPPATH\Controllers\Nbfc.php(697): view('nbfc/myaccount', [...])
 6 SYSTEMPATH\CodeIgniter.php(904): App\Controllers\Nbfc->myaccount()
 7 SYSTEMPATH\CodeIgniter.php(457): CodeIgniter\CodeIgniter->runController(Object(App\Controllers\Nbfc))
 8 SYSTEMPATH\CodeIgniter.php(340): CodeIgniter\CodeIgniter->handleRequest(null, Object(Config\Cache), false)
 9 FCPATH\index.php(67): CodeIgniter\CodeIgniter->run()
CRITICAL - 2022-10-18 10:44:22 --> Undefined variable $firstname
in APPPATH\Views\nbfc\myaccount.php on line 43.
 1 APPPATH\Views\nbfc\myaccount.php(43): CodeIgniter\Debug\Exceptions->errorHandler(2, 'Undefined variable $firstname', 'APPPATH\\Views\\nbfc\\myaccount.php', 43)
 2 SYSTEMPATH\View\View.php(213): include('APPPATH\\Views\\nbfc\\myaccount.php')
 3 SYSTEMPATH\View\View.php(216): CodeIgniter\View\View->CodeIgniter\View\{closure}()
 4 SYSTEMPATH\Common.php(1137): CodeIgniter\View\View->render('nbfc/myaccount', [], true)
 5 APPPATH\Controllers\Nbfc.php(697): view('nbfc/myaccount', [...])
 6 SYSTEMPATH\CodeIgniter.php(904): App\Controllers\Nbfc->myaccount()
 7 SYSTEMPATH\CodeIgniter.php(457): CodeIgniter\CodeIgniter->runController(Object(App\Controllers\Nbfc))
 8 SYSTEMPATH\CodeIgniter.php(340): CodeIgniter\CodeIgniter->handleRequest(null, Object(Config\Cache), false)
 9 FCPATH\index.php(67): CodeIgniter\CodeIgniter->run()
CRITICAL - 2022-10-18 11:12:46 --> Undefined variable $kyc
in APPPATH\Controllers\Admin.php on line 284.
 1 APPPATH\Controllers\Admin.php(284): CodeIgniter\Debug\Exceptions->errorHandler(2, 'Undefined variable $kyc', 'APPPATH\\Controllers\\Admin.php', 284)
 2 SYSTEMPATH\CodeIgniter.php(904): App\Controllers\Admin->investor()
 3 SYSTEMPATH\CodeIgniter.php(457): CodeIgniter\CodeIgniter->runController(Object(App\Controllers\Admin))
 4 SYSTEMPATH\CodeIgniter.php(340): CodeIgniter\CodeIgniter->handleRequest(null, Object(Config\Cache), false)
 5 FCPATH\index.php(67): CodeIgniter\CodeIgniter->run()
CRITICAL - 2022-10-18 11:28:29 --> Undefined variable $kycdetails
in APPPATH\Views\admin\nbfc.php on line 177.
 1 APPPATH\Views\admin\nbfc.php(177): CodeIgniter\Debug\Exceptions->errorHandler(2, 'Undefined variable $kycdetails', 'APPPATH\\Views\\admin\\nbfc.php', 177)
 2 SYSTEMPATH\View\View.php(213): include('APPPATH\\Views\\admin\\nbfc.php')
 3 SYSTEMPATH\View\View.php(216): CodeIgniter\View\View->CodeIgniter\View\{closure}()
 4 SYSTEMPATH\Common.php(1137): CodeIgniter\View\View->render('admin/nbfc', [], true)
 5 APPPATH\Controllers\Admin.php(367): view('admin/nbfc', [...])
 6 SYSTEMPATH\CodeIgniter.php(904): App\Controllers\Admin->nbfc()
 7 SYSTEMPATH\CodeIgniter.php(457): CodeIgniter\CodeIgniter->runController(Object(App\Controllers\Admin))
 8 SYSTEMPATH\CodeIgniter.php(340): CodeIgniter\CodeIgniter->handleRequest(null, Object(Config\Cache), false)
 9 FCPATH\index.php(67): CodeIgniter\CodeIgniter->run()
CRITICAL - 2022-10-18 12:46:17 --> Unclosed '{' on line 177
in APPPATH\Views\admin\nbfc.php on line 375.
 1 SYSTEMPATH\View\View.php(216): CodeIgniter\View\View->CodeIgniter\View\{closure}()
 2 SYSTEMPATH\Common.php(1137): CodeIgniter\View\View->render('admin/nbfc', [], true)
 3 APPPATH\Controllers\Admin.php(369): view('admin/nbfc', [...])
 4 SYSTEMPATH\CodeIgniter.php(904): App\Controllers\Admin->nbfc()
 5 SYSTEMPATH\CodeIgniter.php(457): CodeIgniter\CodeIgniter->runController(Object(App\Controllers\Admin))
 6 SYSTEMPATH\CodeIgniter.php(340): CodeIgniter\CodeIgniter->handleRequest(null, Object(Config\Cache), false)
 7 FCPATH\index.php(67): CodeIgniter\CodeIgniter->run()
CRITICAL - 2022-10-18 12:46:58 --> Unclosed '{' on line 177
in APPPATH\Views\admin\nbfc.php on line 376.
 1 SYSTEMPATH\View\View.php(216): CodeIgniter\View\View->CodeIgniter\View\{closure}()
 2 SYSTEMPATH\Common.php(1137): CodeIgniter\View\View->render('admin/nbfc', [], true)
 3 APPPATH\Controllers\Admin.php(369): view('admin/nbfc', [...])
 4 SYSTEMPATH\CodeIgniter.php(904): App\Controllers\Admin->nbfc()
 5 SYSTEMPATH\CodeIgniter.php(457): CodeIgniter\CodeIgniter->runController(Object(App\Controllers\Admin))
 6 SYSTEMPATH\CodeIgniter.php(340): CodeIgniter\CodeIgniter->handleRequest(null, Object(Config\Cache), false)
 7 FCPATH\index.php(67): CodeIgniter\CodeIgniter->run()
CRITICAL - 2022-10-18 12:47:05 --> Unclosed '{' on line 177
in APPPATH\Views\admin\nbfc.php on line 374.
 1 SYSTEMPATH\View\View.php(216): CodeIgniter\View\View->CodeIgniter\View\{closure}()
 2 SYSTEMPATH\Common.php(1137): CodeIgniter\View\View->render('admin/nbfc', [], true)
 3 APPPATH\Controllers\Admin.php(369): view('admin/nbfc', [...])
 4 SYSTEMPATH\CodeIgniter.php(904): App\Controllers\Admin->nbfc()
 5 SYSTEMPATH\CodeIgniter.php(457): CodeIgniter\CodeIgniter->runController(Object(App\Controllers\Admin))
 6 SYSTEMPATH\CodeIgniter.php(340): CodeIgniter\CodeIgniter->handleRequest(null, Object(Config\Cache), false)
 7 FCPATH\index.php(67): CodeIgniter\CodeIgniter->run()
CRITICAL - 2022-10-18 12:59:51 --> Undefined property: App\Controllers\Nbfc::$session
in APPPATH\Controllers\Nbfc.php on line 353.
 1 APPPATH\Controllers\Nbfc.php(353): CodeIgniter\Debug\Exceptions->errorHandler(2, 'Undefined property: App\\Controllers\\Nbfc::$session', 'APPPATH\\Controllers\\Nbfc.php', 353)
 2 SYSTEMPATH\CodeIgniter.php(904): App\Controllers\Nbfc->nbfc_login()
 3 SYSTEMPATH\CodeIgniter.php(457): CodeIgniter\CodeIgniter->runController(Object(App\Controllers\Nbfc))
 4 SYSTEMPATH\CodeIgniter.php(340): CodeIgniter\CodeIgniter->handleRequest(null, Object(Config\Cache), false)
 5 FCPATH\index.php(67): CodeIgniter\CodeIgniter->run()
CRITICAL - 2022-10-18 13:21:03 --> Undefined constant "nb"
in APPPATH\Views\admin\investor.php on line 178.
 1 SYSTEMPATH\View\View.php(213): include()
 2 SYSTEMPATH\View\View.php(216): CodeIgniter\View\View->CodeIgniter\View\{closure}()
 3 SYSTEMPATH\Common.php(1137): CodeIgniter\View\View->render('admin/investor', [], true)
 4 APPPATH\Controllers\Admin.php(289): view('admin/investor', [...])
 5 SYSTEMPATH\CodeIgniter.php(904): App\Controllers\Admin->investor()
 6 SYSTEMPATH\CodeIgniter.php(457): CodeIgniter\CodeIgniter->runController(Object(App\Controllers\Admin))
 7 SYSTEMPATH\CodeIgniter.php(340): CodeIgniter\CodeIgniter->handleRequest(null, Object(Config\Cache), false)
 8 FCPATH\index.php(67): CodeIgniter\CodeIgniter->run()
ERROR - 2022-10-18 18:25:28 --> mysqli_sql_exception: Column 'user_id' in where clause is ambiguous in C:\xampp\htdocs\leasiffronts\system\Database\MySQLi\Connection.php:292
Stack trace:
#0 C:\xampp\htdocs\leasiffronts\system\Database\MySQLi\Connection.php(292): mysqli->query('SELECT *\nFROM `...', 0)
#1 C:\xampp\htdocs\leasiffronts\system\Database\BaseConnection.php(693): CodeIgniter\Database\MySQLi\Connection->execute('SELECT *\nFROM `...')
#2 C:\xampp\htdocs\leasiffronts\system\Database\BaseConnection.php(620): CodeIgniter\Database\BaseConnection->simpleQuery('SELECT *\nFROM `...')
#3 C:\xampp\htdocs\leasiffronts\system\Database\BaseBuilder.php(1585): CodeIgniter\Database\BaseConnection->query('SELECT *\nFROM `...', Array, false)
#4 C:\xampp\htdocs\leasiffronts\system\Model.php(222): CodeIgniter\Database\BaseBuilder->get()
#5 C:\xampp\htdocs\leasiffronts\system\BaseModel.php(584): CodeIgniter\Model->doFindAll(0, 0)
#6 C:\xampp\htdocs\leasiffronts\app\Controllers\Admin.php(302): CodeIgniter\BaseModel->findAll()
#7 C:\xampp\htdocs\leasiffronts\system\CodeIgniter.php(904): App\Controllers\Admin->isverified()
#8 C:\xampp\htdocs\leasiffronts\system\CodeIgniter.php(457): CodeIgniter\CodeIgniter->runController(Object(App\Controllers\Admin))
#9 C:\xampp\htdocs\leasiffronts\system\CodeIgniter.php(340): CodeIgniter\CodeIgniter->handleRequest(NULL, Object(Config\Cache), false)
#10 C:\xampp\htdocs\leasiffronts\index.php(67): CodeIgniter\CodeIgniter->run()
#11 {main}
CRITICAL - 2022-10-18 18:25:28 --> Call to a member function getResult() on bool
in SYSTEMPATH\Model.php on line 223.
 1 SYSTEMPATH\BaseModel.php(584): CodeIgniter\Model->doFindAll(0, 0)
 2 APPPATH\Controllers\Admin.php(302): CodeIgniter\BaseModel->findAll()
 3 SYSTEMPATH\CodeIgniter.php(904): App\Controllers\Admin->isverified()
 4 SYSTEMPATH\CodeIgniter.php(457): CodeIgniter\CodeIgniter->runController(Object(App\Controllers\Admin))
 5 SYSTEMPATH\CodeIgniter.php(340): CodeIgniter\CodeIgniter->handleRequest(null, Object(Config\Cache), false)
 6 FCPATH\index.php(67): CodeIgniter\CodeIgniter->run()
ERROR - 2022-10-18 18:26:22 --> mysqli_sql_exception: Column 'user_id' in where clause is ambiguous in C:\xampp\htdocs\leasiffronts\system\Database\MySQLi\Connection.php:292
Stack trace:
#0 C:\xampp\htdocs\leasiffronts\system\Database\MySQLi\Connection.php(292): mysqli->query('SELECT *\nFROM `...', 0)
#1 C:\xampp\htdocs\leasiffronts\system\Database\BaseConnection.php(693): CodeIgniter\Database\MySQLi\Connection->execute('SELECT *\nFROM `...')
#2 C:\xampp\htdocs\leasiffronts\system\Database\BaseConnection.php(620): CodeIgniter\Database\BaseConnection->simpleQuery('SELECT *\nFROM `...')
#3 C:\xampp\htdocs\leasiffronts\system\Database\BaseBuilder.php(1585): CodeIgniter\Database\BaseConnection->query('SELECT *\nFROM `...', Array, false)
#4 C:\xampp\htdocs\leasiffronts\system\Model.php(222): CodeIgniter\Database\BaseBuilder->get()
#5 C:\xampp\htdocs\leasiffronts\system\BaseModel.php(584): CodeIgniter\Model->doFindAll(0, 0)
#6 C:\xampp\htdocs\leasiffronts\app\Controllers\Admin.php(302): CodeIgniter\BaseModel->findAll()
#7 C:\xampp\htdocs\leasiffronts\system\CodeIgniter.php(904): App\Controllers\Admin->isverified()
#8 C:\xampp\htdocs\leasiffronts\system\CodeIgniter.php(457): CodeIgniter\CodeIgniter->runController(Object(App\Controllers\Admin))
#9 C:\xampp\htdocs\leasiffronts\system\CodeIgniter.php(340): CodeIgniter\CodeIgniter->handleRequest(NULL, Object(Config\Cache), false)
#10 C:\xampp\htdocs\leasiffronts\index.php(67): CodeIgniter\CodeIgniter->run()
#11 {main}
CRITICAL - 2022-10-18 18:26:22 --> Call to a member function getResult() on bool
in SYSTEMPATH\Model.php on line 223.
 1 SYSTEMPATH\BaseModel.php(584): CodeIgniter\Model->doFindAll(0, 0)
 2 APPPATH\Controllers\Admin.php(302): CodeIgniter\BaseModel->findAll()
 3 SYSTEMPATH\CodeIgniter.php(904): App\Controllers\Admin->isverified()
 4 SYSTEMPATH\CodeIgniter.php(457): CodeIgniter\CodeIgniter->runController(Object(App\Controllers\Admin))
 5 SYSTEMPATH\CodeIgniter.php(340): CodeIgniter\CodeIgniter->handleRequest(null, Object(Config\Cache), false)
 6 FCPATH\index.php(67): CodeIgniter\CodeIgniter->run()
CRITICAL - 2022-10-18 18:28:56 --> Undefined array key "iskyc"
in APPPATH\Controllers\Admin.php on line 303.
 1 APPPATH\Controllers\Admin.php(303): CodeIgniter\Debug\Exceptions->errorHandler(2, 'Undefined array key "iskyc"', 'APPPATH\\Controllers\\Admin.php', 303)
 2 SYSTEMPATH\CodeIgniter.php(904): App\Controllers\Admin->isverified()
 3 SYSTEMPATH\CodeIgniter.php(457): CodeIgniter\CodeIgniter->runController(Object(App\Controllers\Admin))
 4 SYSTEMPATH\CodeIgniter.php(340): CodeIgniter\CodeIgniter->handleRequest(null, Object(Config\Cache), false)
 5 FCPATH\index.php(67): CodeIgniter\CodeIgniter->run()
CRITICAL - 2022-10-18 18:29:06 --> Undefined array key "iskyc"
in APPPATH\Controllers\Admin.php on line 303.
 1 APPPATH\Controllers\Admin.php(303): CodeIgniter\Debug\Exceptions->errorHandler(2, 'Undefined array key "iskyc"', 'APPPATH\\Controllers\\Admin.php', 303)
 2 SYSTEMPATH\CodeIgniter.php(904): App\Controllers\Admin->isverified()
 3 SYSTEMPATH\CodeIgniter.php(457): CodeIgniter\CodeIgniter->runController(Object(App\Controllers\Admin))
 4 SYSTEMPATH\CodeIgniter.php(340): CodeIgniter\CodeIgniter->handleRequest(null, Object(Config\Cache), false)
 5 FCPATH\index.php(67): CodeIgniter\CodeIgniter->run()
CRITICAL - 2022-10-18 18:34:06 --> Undefined array key "iskyc"
in APPPATH\Controllers\Admin.php on line 306.
 1 APPPATH\Controllers\Admin.php(306): CodeIgniter\Debug\Exceptions->errorHandler(2, 'Undefined array key "iskyc"', 'APPPATH\\Controllers\\Admin.php', 306)
 2 SYSTEMPATH\CodeIgniter.php(904): App\Controllers\Admin->isverified()
 3 SYSTEMPATH\CodeIgniter.php(457): CodeIgniter\CodeIgniter->runController(Object(App\Controllers\Admin))
 4 SYSTEMPATH\CodeIgniter.php(340): CodeIgniter\CodeIgniter->handleRequest(null, Object(Config\Cache), false)
 5 FCPATH\index.php(67): CodeIgniter\CodeIgniter->run()
CRITICAL - 2022-10-18 18:34:15 --> Undefined array key "iskyc"
in APPPATH\Controllers\Admin.php on line 306.
 1 APPPATH\Controllers\Admin.php(306): CodeIgniter\Debug\Exceptions->errorHandler(2, 'Undefined array key "iskyc"', 'APPPATH\\Controllers\\Admin.php', 306)
 2 SYSTEMPATH\CodeIgniter.php(904): App\Controllers\Admin->isverified()
 3 SYSTEMPATH\CodeIgniter.php(457): CodeIgniter\CodeIgniter->runController(Object(App\Controllers\Admin))
 4 SYSTEMPATH\CodeIgniter.php(340): CodeIgniter\CodeIgniter->handleRequest(null, Object(Config\Cache), false)
 5 FCPATH\index.php(67): CodeIgniter\CodeIgniter->run()
CRITICAL - 2022-10-18 18:35:08 --> Undefined array key "iskyc"
in APPPATH\Controllers\Admin.php on line 304.
 1 APPPATH\Controllers\Admin.php(304): CodeIgniter\Debug\Exceptions->errorHandler(2, 'Undefined array key "iskyc"', 'APPPATH\\Controllers\\Admin.php', 304)
 2 SYSTEMPATH\CodeIgniter.php(904): App\Controllers\Admin->isverified()
 3 SYSTEMPATH\CodeIgniter.php(457): CodeIgniter\CodeIgniter->runController(Object(App\Controllers\Admin))
 4 SYSTEMPATH\CodeIgniter.php(340): CodeIgniter\CodeIgniter->handleRequest(null, Object(Config\Cache), false)
 5 FCPATH\index.php(67): CodeIgniter\CodeIgniter->run()
CRITICAL - 2022-10-18 18:35:16 --> Undefined array key "iskyc"
in APPPATH\Controllers\Admin.php on line 304.
 1 APPPATH\Controllers\Admin.php(304): CodeIgniter\Debug\Exceptions->errorHandler(2, 'Undefined array key "iskyc"', 'APPPATH\\Controllers\\Admin.php', 304)
 2 SYSTEMPATH\CodeIgniter.php(904): App\Controllers\Admin->isverified()
 3 SYSTEMPATH\CodeIgniter.php(457): CodeIgniter\CodeIgniter->runController(Object(App\Controllers\Admin))
 4 SYSTEMPATH\CodeIgniter.php(340): CodeIgniter\CodeIgniter->handleRequest(null, Object(Config\Cache), false)
 5 FCPATH\index.php(67): CodeIgniter\CodeIgniter->run()
CRITICAL - 2022-10-18 18:35:46 --> Attempt to read property "iskyc" on array
in APPPATH\Controllers\Admin.php on line 304.
 1 APPPATH\Controllers\Admin.php(304): CodeIgniter\Debug\Exceptions->errorHandler(2, 'Attempt to read property "iskyc" on array', 'APPPATH\\Controllers\\Admin.php', 304)
 2 SYSTEMPATH\CodeIgniter.php(904): App\Controllers\Admin->isverified()
 3 SYSTEMPATH\CodeIgniter.php(457): CodeIgniter\CodeIgniter->runController(Object(App\Controllers\Admin))
 4 SYSTEMPATH\CodeIgniter.php(340): CodeIgniter\CodeIgniter->handleRequest(null, Object(Config\Cache), false)
 5 FCPATH\index.php(67): CodeIgniter\CodeIgniter->run()
CRITICAL - 2022-10-18 18:35:49 --> Attempt to read property "iskyc" on array
in APPPATH\Controllers\Admin.php on line 304.
 1 APPPATH\Controllers\Admin.php(304): CodeIgniter\Debug\Exceptions->errorHandler(2, 'Attempt to read property "iskyc" on array', 'APPPATH\\Controllers\\Admin.php', 304)
 2 SYSTEMPATH\CodeIgniter.php(904): App\Controllers\Admin->isverified()
 3 SYSTEMPATH\CodeIgniter.php(457): CodeIgniter\CodeIgniter->runController(Object(App\Controllers\Admin))
 4 SYSTEMPATH\CodeIgniter.php(340): CodeIgniter\CodeIgniter->handleRequest(null, Object(Config\Cache), false)
 5 FCPATH\index.php(67): CodeIgniter\CodeIgniter->run()
CRITICAL - 2022-10-18 18:36:16 --> Undefined array key "iskyc"
in APPPATH\Controllers\Admin.php on line 306.
 1 APPPATH\Controllers\Admin.php(306): CodeIgniter\Debug\Exceptions->errorHandler(2, 'Undefined array key "iskyc"', 'APPPATH\\Controllers\\Admin.php', 306)
 2 SYSTEMPATH\CodeIgniter.php(904): App\Controllers\Admin->isverified()
 3 SYSTEMPATH\CodeIgniter.php(457): CodeIgniter\CodeIgniter->runController(Object(App\Controllers\Admin))
 4 SYSTEMPATH\CodeIgniter.php(340): CodeIgniter\CodeIgniter->handleRequest(null, Object(Config\Cache), false)
 5 FCPATH\index.php(67): CodeIgniter\CodeIgniter->run()
CRITICAL - 2022-10-18 18:36:20 --> Undefined array key "iskyc"
in APPPATH\Controllers\Admin.php on line 306.
 1 APPPATH\Controllers\Admin.php(306): CodeIgniter\Debug\Exceptions->errorHandler(2, 'Undefined array key "iskyc"', 'APPPATH\\Controllers\\Admin.php', 306)
 2 SYSTEMPATH\CodeIgniter.php(904): App\Controllers\Admin->isverified()
 3 SYSTEMPATH\CodeIgniter.php(457): CodeIgniter\CodeIgniter->runController(Object(App\Controllers\Admin))
 4 SYSTEMPATH\CodeIgniter.php(340): CodeIgniter\CodeIgniter->handleRequest(null, Object(Config\Cache), false)
 5 FCPATH\index.php(67): CodeIgniter\CodeIgniter->run()
