CRITICAL - 2022-09-14 01:49:36 --> Undefined variable $session
in APPPATH\Controllers\Nbfc.php on line 294.
 1 APPPATH\Controllers\Nbfc.php(294): CodeIgniter\Debug\Exceptions->errorHandler(2, 'Undefined variable $session', 'APPPATH\\Controllers\\Nbfc.php', 294)
 2 SYSTEMPATH\CodeIgniter.php(904): App\Controllers\Nbfc->fetch_category()
 3 SYSTEMPATH\CodeIgniter.php(457): CodeIgniter\CodeIgniter->runController(Object(App\Controllers\Nbfc))
 4 SYSTEMPATH\CodeIgniter.php(340): CodeIgniter\CodeIgniter->handleRequest(null, Object(Config\Cache), false)
 5 FCPATH\index.php(67): CodeIgniter\CodeIgniter->run()
CRITICAL - 2022-09-14 01:50:30 --> Undefined variable $session
in APPPATH\Controllers\Nbfc.php on line 294.
 1 APPPATH\Controllers\Nbfc.php(294): CodeIgniter\Debug\Exceptions->errorHandler(2, 'Undefined variable $session', 'APPPATH\\Controllers\\Nbfc.php', 294)
 2 SYSTEMPATH\CodeIgniter.php(904): App\Controllers\Nbfc->fetch_category()
 3 SYSTEMPATH\CodeIgniter.php(457): CodeIgniter\CodeIgniter->runController(Object(App\Controllers\Nbfc))
 4 SYSTEMPATH\CodeIgniter.php(340): CodeIgniter\CodeIgniter->handleRequest(null, Object(Config\Cache), false)
 5 FCPATH\index.php(67): CodeIgniter\CodeIgniter->run()
CRITICAL - 2022-09-14 01:51:57 --> Undefined variable $session
in APPPATH\Controllers\Nbfc.php on line 294.
 1 APPPATH\Controllers\Nbfc.php(294): CodeIgniter\Debug\Exceptions->errorHandler(2, 'Undefined variable $session', 'APPPATH\\Controllers\\Nbfc.php', 294)
 2 SYSTEMPATH\CodeIgniter.php(904): App\Controllers\Nbfc->fetch_category()
 3 SYSTEMPATH\CodeIgniter.php(457): CodeIgniter\CodeIgniter->runController(Object(App\Controllers\Nbfc))
 4 SYSTEMPATH\CodeIgniter.php(340): CodeIgniter\CodeIgniter->handleRequest(null, Object(Config\Cache), false)
 5 FCPATH\index.php(67): CodeIgniter\CodeIgniter->run()
CRITICAL - 2022-09-14 01:52:58 --> Undefined variable $session
in APPPATH\Controllers\Nbfc.php on line 294.
 1 APPPATH\Controllers\Nbfc.php(294): CodeIgniter\Debug\Exceptions->errorHandler(2, 'Undefined variable $session', 'APPPATH\\Controllers\\Nbfc.php', 294)
 2 SYSTEMPATH\CodeIgniter.php(904): App\Controllers\Nbfc->fetch_category()
 3 SYSTEMPATH\CodeIgniter.php(457): CodeIgniter\CodeIgniter->runController(Object(App\Controllers\Nbfc))
 4 SYSTEMPATH\CodeIgniter.php(340): CodeIgniter\CodeIgniter->handleRequest(null, Object(Config\Cache), false)
 5 FCPATH\index.php(67): CodeIgniter\CodeIgniter->run()
CRITICAL - 2022-09-14 01:53:27 --> Undefined variable $session
in APPPATH\Controllers\Nbfc.php on line 294.
 1 APPPATH\Controllers\Nbfc.php(294): CodeIgniter\Debug\Exceptions->errorHandler(2, 'Undefined variable $session', 'APPPATH\\Controllers\\Nbfc.php', 294)
 2 SYSTEMPATH\CodeIgniter.php(904): App\Controllers\Nbfc->fetch_category()
 3 SYSTEMPATH\CodeIgniter.php(457): CodeIgniter\CodeIgniter->runController(Object(App\Controllers\Nbfc))
 4 SYSTEMPATH\CodeIgniter.php(340): CodeIgniter\CodeIgniter->handleRequest(null, Object(Config\Cache), false)
 5 FCPATH\index.php(67): CodeIgniter\CodeIgniter->run()
CRITICAL - 2022-09-14 01:53:31 --> Undefined variable $session
in APPPATH\Controllers\Nbfc.php on line 294.
 1 APPPATH\Controllers\Nbfc.php(294): CodeIgniter\Debug\Exceptions->errorHandler(2, 'Undefined variable $session', 'APPPATH\\Controllers\\Nbfc.php', 294)
 2 SYSTEMPATH\CodeIgniter.php(904): App\Controllers\Nbfc->fetch_category()
 3 SYSTEMPATH\CodeIgniter.php(457): CodeIgniter\CodeIgniter->runController(Object(App\Controllers\Nbfc))
 4 SYSTEMPATH\CodeIgniter.php(340): CodeIgniter\CodeIgniter->handleRequest(null, Object(Config\Cache), false)
 5 FCPATH\index.php(67): CodeIgniter\CodeIgniter->run()
CRITICAL - 2022-09-14 01:54:47 --> Undefined variable $session
in APPPATH\Controllers\Nbfc.php on line 294.
 1 APPPATH\Controllers\Nbfc.php(294): CodeIgniter\Debug\Exceptions->errorHandler(2, 'Undefined variable $session', 'APPPATH\\Controllers\\Nbfc.php', 294)
 2 SYSTEMPATH\CodeIgniter.php(904): App\Controllers\Nbfc->fetch_category()
 3 SYSTEMPATH\CodeIgniter.php(457): CodeIgniter\CodeIgniter->runController(Object(App\Controllers\Nbfc))
 4 SYSTEMPATH\CodeIgniter.php(340): CodeIgniter\CodeIgniter->handleRequest(null, Object(Config\Cache), false)
 5 FCPATH\index.php(67): CodeIgniter\CodeIgniter->run()
CRITICAL - 2022-09-14 01:54:49 --> Undefined variable $session
in APPPATH\Controllers\Nbfc.php on line 294.
 1 APPPATH\Controllers\Nbfc.php(294): CodeIgniter\Debug\Exceptions->errorHandler(2, 'Undefined variable $session', 'APPPATH\\Controllers\\Nbfc.php', 294)
 2 SYSTEMPATH\CodeIgniter.php(904): App\Controllers\Nbfc->fetch_category()
 3 SYSTEMPATH\CodeIgniter.php(457): CodeIgniter\CodeIgniter->runController(Object(App\Controllers\Nbfc))
 4 SYSTEMPATH\CodeIgniter.php(340): CodeIgniter\CodeIgniter->handleRequest(null, Object(Config\Cache), false)
 5 FCPATH\index.php(67): CodeIgniter\CodeIgniter->run()
CRITICAL - 2022-09-14 01:55:45 --> Call to a member function num_rows() on array
in APPPATH\Controllers\Nbfc.php on line 303.
 1 SYSTEMPATH\CodeIgniter.php(904): App\Controllers\Nbfc->fetch_category()
 2 SYSTEMPATH\CodeIgniter.php(457): CodeIgniter\CodeIgniter->runController(Object(App\Controllers\Nbfc))
 3 SYSTEMPATH\CodeIgniter.php(340): CodeIgniter\CodeIgniter->handleRequest(null, Object(Config\Cache), false)
 4 FCPATH\index.php(67): CodeIgniter\CodeIgniter->run()
CRITICAL - 2022-09-14 01:58:29 --> Undefined variable $result
in APPPATH\Controllers\Nbfc.php on line 297.
 1 APPPATH\Controllers\Nbfc.php(297): CodeIgniter\Debug\Exceptions->errorHandler(2, 'Undefined variable $result', 'APPPATH\\Controllers\\Nbfc.php', 297)
 2 SYSTEMPATH\CodeIgniter.php(904): App\Controllers\Nbfc->fetch_category()
 3 SYSTEMPATH\CodeIgniter.php(457): CodeIgniter\CodeIgniter->runController(Object(App\Controllers\Nbfc))
 4 SYSTEMPATH\CodeIgniter.php(340): CodeIgniter\CodeIgniter->handleRequest(null, Object(Config\Cache), false)
 5 FCPATH\index.php(67): CodeIgniter\CodeIgniter->run()
CRITICAL - 2022-09-14 02:00:33 --> Undefined variable $result
in APPPATH\Controllers\Nbfc.php on line 297.
 1 APPPATH\Controllers\Nbfc.php(297): CodeIgniter\Debug\Exceptions->errorHandler(2, 'Undefined variable $result', 'APPPATH\\Controllers\\Nbfc.php', 297)
 2 SYSTEMPATH\CodeIgniter.php(904): App\Controllers\Nbfc->fetch_category()
 3 SYSTEMPATH\CodeIgniter.php(457): CodeIgniter\CodeIgniter->runController(Object(App\Controllers\Nbfc))
 4 SYSTEMPATH\CodeIgniter.php(340): CodeIgniter\CodeIgniter->handleRequest(null, Object(Config\Cache), false)
 5 FCPATH\index.php(67): CodeIgniter\CodeIgniter->run()
CRITICAL - 2022-09-14 02:04:21 --> Call to a member function num_rows() on array
in APPPATH\Controllers\Nbfc.php on line 301.
 1 SYSTEMPATH\CodeIgniter.php(904): App\Controllers\Nbfc->fetch_category()
 2 SYSTEMPATH\CodeIgniter.php(457): CodeIgniter\CodeIgniter->runController(Object(App\Controllers\Nbfc))
 3 SYSTEMPATH\CodeIgniter.php(340): CodeIgniter\CodeIgniter->handleRequest(null, Object(Config\Cache), false)
 4 FCPATH\index.php(67): CodeIgniter\CodeIgniter->run()
CRITICAL - 2022-09-14 02:04:54 --> Call to a member function num_rows() on array
in APPPATH\Controllers\Nbfc.php on line 301.
 1 SYSTEMPATH\CodeIgniter.php(904): App\Controllers\Nbfc->fetch_category()
 2 SYSTEMPATH\CodeIgniter.php(457): CodeIgniter\CodeIgniter->runController(Object(App\Controllers\Nbfc))
 3 SYSTEMPATH\CodeIgniter.php(340): CodeIgniter\CodeIgniter->handleRequest(null, Object(Config\Cache), false)
 4 FCPATH\index.php(67): CodeIgniter\CodeIgniter->run()
CRITICAL - 2022-09-14 02:08:54 --> Call to a member function num_rows() on array
in APPPATH\Controllers\Nbfc.php on line 299.
 1 SYSTEMPATH\CodeIgniter.php(904): App\Controllers\Nbfc->fetch_category()
 2 SYSTEMPATH\CodeIgniter.php(457): CodeIgniter\CodeIgniter->runController(Object(App\Controllers\Nbfc))
 3 SYSTEMPATH\CodeIgniter.php(340): CodeIgniter\CodeIgniter->handleRequest(null, Object(Config\Cache), false)
 4 FCPATH\index.php(67): CodeIgniter\CodeIgniter->run()
CRITICAL - 2022-09-14 02:09:17 --> Call to a member function num_rows() on array
in APPPATH\Controllers\Nbfc.php on line 299.
 1 SYSTEMPATH\CodeIgniter.php(904): App\Controllers\Nbfc->fetch_category()
 2 SYSTEMPATH\CodeIgniter.php(457): CodeIgniter\CodeIgniter->runController(Object(App\Controllers\Nbfc))
 3 SYSTEMPATH\CodeIgniter.php(340): CodeIgniter\CodeIgniter->handleRequest(null, Object(Config\Cache), false)
 4 FCPATH\index.php(67): CodeIgniter\CodeIgniter->run()
CRITICAL - 2022-09-14 02:11:12 --> Call to a member function getNumRows() on array
in APPPATH\Controllers\Nbfc.php on line 299.
 1 SYSTEMPATH\CodeIgniter.php(904): App\Controllers\Nbfc->fetch_category()
 2 SYSTEMPATH\CodeIgniter.php(457): CodeIgniter\CodeIgniter->runController(Object(App\Controllers\Nbfc))
 3 SYSTEMPATH\CodeIgniter.php(340): CodeIgniter\CodeIgniter->handleRequest(null, Object(Config\Cache), false)
 4 FCPATH\index.php(67): CodeIgniter\CodeIgniter->run()
CRITICAL - 2022-09-14 02:11:14 --> Call to a member function getNumRows() on array
in APPPATH\Controllers\Nbfc.php on line 299.
 1 SYSTEMPATH\CodeIgniter.php(904): App\Controllers\Nbfc->fetch_category()
 2 SYSTEMPATH\CodeIgniter.php(457): CodeIgniter\CodeIgniter->runController(Object(App\Controllers\Nbfc))
 3 SYSTEMPATH\CodeIgniter.php(340): CodeIgniter\CodeIgniter->handleRequest(null, Object(Config\Cache), false)
 4 FCPATH\index.php(67): CodeIgniter\CodeIgniter->run()
CRITICAL - 2022-09-14 02:12:24 --> syntax error, unexpected token ";", expecting ")"
in APPPATH\Controllers\Nbfc.php on line 300.
 1 SYSTEMPATH\Autoloader\Autoloader.php(259): CodeIgniter\Autoloader\Autoloader->includeFile('APPPATH\\Controllers\\Nbfc.php')
 2 SYSTEMPATH\Autoloader\Autoloader.php(237): CodeIgniter\Autoloader\Autoloader->loadInNamespace('App\\Controllers\\Nbfc')
 3 [internal function]: CodeIgniter\Autoloader\Autoloader->loadClass('App\\Controllers\\Nbfc')
 4 SYSTEMPATH\CodeIgniter.php(854): class_exists('\\App\\Controllers\\Nbfc', true)
 5 SYSTEMPATH\CodeIgniter.php(444): CodeIgniter\CodeIgniter->startController()
 6 SYSTEMPATH\CodeIgniter.php(340): CodeIgniter\CodeIgniter->handleRequest(null, Object(Config\Cache), false)
 7 FCPATH\index.php(67): CodeIgniter\CodeIgniter->run()
CRITICAL - 2022-09-14 02:16:11 --> Call to a member function countAll() on array
in APPPATH\Controllers\Nbfc.php on line 299.
 1 SYSTEMPATH\CodeIgniter.php(904): App\Controllers\Nbfc->fetch_category()
 2 SYSTEMPATH\CodeIgniter.php(457): CodeIgniter\CodeIgniter->runController(Object(App\Controllers\Nbfc))
 3 SYSTEMPATH\CodeIgniter.php(340): CodeIgniter\CodeIgniter->handleRequest(null, Object(Config\Cache), false)
 4 FCPATH\index.php(67): CodeIgniter\CodeIgniter->run()
CRITICAL - 2022-09-14 02:20:26 --> Call to a member function getNumRows() on array
in APPPATH\Controllers\Nbfc.php on line 299.
 1 SYSTEMPATH\CodeIgniter.php(904): App\Controllers\Nbfc->fetch_category()
 2 SYSTEMPATH\CodeIgniter.php(457): CodeIgniter\CodeIgniter->runController(Object(App\Controllers\Nbfc))
 3 SYSTEMPATH\CodeIgniter.php(340): CodeIgniter\CodeIgniter->handleRequest(null, Object(Config\Cache), false)
 4 FCPATH\index.php(67): CodeIgniter\CodeIgniter->run()
CRITICAL - 2022-09-14 02:20:54 --> Call to a member function result() on array
in APPPATH\Controllers\Nbfc.php on line 303.
 1 SYSTEMPATH\CodeIgniter.php(904): App\Controllers\Nbfc->fetch_category()
 2 SYSTEMPATH\CodeIgniter.php(457): CodeIgniter\CodeIgniter->runController(Object(App\Controllers\Nbfc))
 3 SYSTEMPATH\CodeIgniter.php(340): CodeIgniter\CodeIgniter->handleRequest(null, Object(Config\Cache), false)
 4 FCPATH\index.php(67): CodeIgniter\CodeIgniter->run()
CRITICAL - 2022-09-14 02:21:58 --> Call to a member function getNumRows() on array
in APPPATH\Controllers\Nbfc.php on line 299.
 1 SYSTEMPATH\CodeIgniter.php(904): App\Controllers\Nbfc->fetch_category()
 2 SYSTEMPATH\CodeIgniter.php(457): CodeIgniter\CodeIgniter->runController(Object(App\Controllers\Nbfc))
 3 SYSTEMPATH\CodeIgniter.php(340): CodeIgniter\CodeIgniter->handleRequest(null, Object(Config\Cache), false)
 4 FCPATH\index.php(67): CodeIgniter\CodeIgniter->run()
CRITICAL - 2022-09-14 02:22:32 --> Call to a member function getNumRows() on array
in APPPATH\Controllers\Nbfc.php on line 299.
 1 SYSTEMPATH\CodeIgniter.php(904): App\Controllers\Nbfc->fetch_category()
 2 SYSTEMPATH\CodeIgniter.php(457): CodeIgniter\CodeIgniter->runController(Object(App\Controllers\Nbfc))
 3 SYSTEMPATH\CodeIgniter.php(340): CodeIgniter\CodeIgniter->handleRequest(null, Object(Config\Cache), false)
 4 FCPATH\index.php(67): CodeIgniter\CodeIgniter->run()
CRITICAL - 2022-09-14 02:24:27 --> Call to a member function getFieldCount() on array
in APPPATH\Controllers\Nbfc.php on line 299.
 1 SYSTEMPATH\CodeIgniter.php(904): App\Controllers\Nbfc->fetch_category()
 2 SYSTEMPATH\CodeIgniter.php(457): CodeIgniter\CodeIgniter->runController(Object(App\Controllers\Nbfc))
 3 SYSTEMPATH\CodeIgniter.php(340): CodeIgniter\CodeIgniter->handleRequest(null, Object(Config\Cache), false)
 4 FCPATH\index.php(67): CodeIgniter\CodeIgniter->run()
CRITICAL - 2022-09-14 02:26:53 --> Call to a member function countAllResults() on array
in APPPATH\Controllers\Nbfc.php on line 302.
 1 SYSTEMPATH\CodeIgniter.php(904): App\Controllers\Nbfc->fetch_category()
 2 SYSTEMPATH\CodeIgniter.php(457): CodeIgniter\CodeIgniter->runController(Object(App\Controllers\Nbfc))
 3 SYSTEMPATH\CodeIgniter.php(340): CodeIgniter\CodeIgniter->handleRequest(null, Object(Config\Cache), false)
 4 FCPATH\index.php(67): CodeIgniter\CodeIgniter->run()
CRITICAL - 2022-09-14 02:29:46 --> Call to a member function count() on array
in APPPATH\Controllers\Nbfc.php on line 300.
 1 SYSTEMPATH\CodeIgniter.php(904): App\Controllers\Nbfc->fetch_category()
 2 SYSTEMPATH\CodeIgniter.php(457): CodeIgniter\CodeIgniter->runController(Object(App\Controllers\Nbfc))
 3 SYSTEMPATH\CodeIgniter.php(340): CodeIgniter\CodeIgniter->handleRequest(null, Object(Config\Cache), false)
 4 FCPATH\index.php(67): CodeIgniter\CodeIgniter->run()
CRITICAL - 2022-09-14 02:29:49 --> Call to a member function count() on array
in APPPATH\Controllers\Nbfc.php on line 300.
 1 SYSTEMPATH\CodeIgniter.php(904): App\Controllers\Nbfc->fetch_category()
 2 SYSTEMPATH\CodeIgniter.php(457): CodeIgniter\CodeIgniter->runController(Object(App\Controllers\Nbfc))
 3 SYSTEMPATH\CodeIgniter.php(340): CodeIgniter\CodeIgniter->handleRequest(null, Object(Config\Cache), false)
 4 FCPATH\index.php(67): CodeIgniter\CodeIgniter->run()
CRITICAL - 2022-09-14 02:31:40 --> Call to a member function countAll() on array
in APPPATH\Controllers\Nbfc.php on line 299.
 1 SYSTEMPATH\CodeIgniter.php(904): App\Controllers\Nbfc->fetch_category()
 2 SYSTEMPATH\CodeIgniter.php(457): CodeIgniter\CodeIgniter->runController(Object(App\Controllers\Nbfc))
 3 SYSTEMPATH\CodeIgniter.php(340): CodeIgniter\CodeIgniter->handleRequest(null, Object(Config\Cache), false)
 4 FCPATH\index.php(67): CodeIgniter\CodeIgniter->run()
CRITICAL - 2022-09-14 02:31:58 --> Call to a member function countAllResults() on array
in APPPATH\Controllers\Nbfc.php on line 299.
 1 SYSTEMPATH\CodeIgniter.php(904): App\Controllers\Nbfc->fetch_category()
 2 SYSTEMPATH\CodeIgniter.php(457): CodeIgniter\CodeIgniter->runController(Object(App\Controllers\Nbfc))
 3 SYSTEMPATH\CodeIgniter.php(340): CodeIgniter\CodeIgniter->handleRequest(null, Object(Config\Cache), false)
 4 FCPATH\index.php(67): CodeIgniter\CodeIgniter->run()
CRITICAL - 2022-09-14 02:33:11 --> Call to a member function getNumRows() on array
in APPPATH\Controllers\Nbfc.php on line 299.
 1 SYSTEMPATH\CodeIgniter.php(904): App\Controllers\Nbfc->fetch_category()
 2 SYSTEMPATH\CodeIgniter.php(457): CodeIgniter\CodeIgniter->runController(Object(App\Controllers\Nbfc))
 3 SYSTEMPATH\CodeIgniter.php(340): CodeIgniter\CodeIgniter->handleRequest(null, Object(Config\Cache), false)
 4 FCPATH\index.php(67): CodeIgniter\CodeIgniter->run()
CRITICAL - 2022-09-14 02:33:48 --> Call to a member function countResultAll() on array
in APPPATH\Controllers\Nbfc.php on line 299.
 1 SYSTEMPATH\CodeIgniter.php(904): App\Controllers\Nbfc->fetch_category()
 2 SYSTEMPATH\CodeIgniter.php(457): CodeIgniter\CodeIgniter->runController(Object(App\Controllers\Nbfc))
 3 SYSTEMPATH\CodeIgniter.php(340): CodeIgniter\CodeIgniter->handleRequest(null, Object(Config\Cache), false)
 4 FCPATH\index.php(67): CodeIgniter\CodeIgniter->run()
CRITICAL - 2022-09-14 02:36:01 --> Call to a member function getAll() on array
in APPPATH\Controllers\Nbfc.php on line 299.
 1 SYSTEMPATH\CodeIgniter.php(904): App\Controllers\Nbfc->fetch_category()
 2 SYSTEMPATH\CodeIgniter.php(457): CodeIgniter\CodeIgniter->runController(Object(App\Controllers\Nbfc))
 3 SYSTEMPATH\CodeIgniter.php(340): CodeIgniter\CodeIgniter->handleRequest(null, Object(Config\Cache), false)
 4 FCPATH\index.php(67): CodeIgniter\CodeIgniter->run()
CRITICAL - 2022-09-14 02:37:48 --> Call to undefined method App\Models\NbfcCreateProposalModels::result
in SYSTEMPATH\Model.php on line 773.
 1 APPPATH\Controllers\Nbfc.php(303): CodeIgniter\Model->__call('result', [])
 2 SYSTEMPATH\CodeIgniter.php(904): App\Controllers\Nbfc->fetch_category()
 3 SYSTEMPATH\CodeIgniter.php(457): CodeIgniter\CodeIgniter->runController(Object(App\Controllers\Nbfc))
 4 SYSTEMPATH\CodeIgniter.php(340): CodeIgniter\CodeIgniter->handleRequest(null, Object(Config\Cache), false)
 5 FCPATH\index.php(67): CodeIgniter\CodeIgniter->run()
CRITICAL - 2022-09-14 02:37:53 --> Call to undefined method App\Models\NbfcCreateProposalModels::result
in SYSTEMPATH\Model.php on line 773.
 1 APPPATH\Controllers\Nbfc.php(303): CodeIgniter\Model->__call('result', [])
 2 SYSTEMPATH\CodeIgniter.php(904): App\Controllers\Nbfc->fetch_category()
 3 SYSTEMPATH\CodeIgniter.php(457): CodeIgniter\CodeIgniter->runController(Object(App\Controllers\Nbfc))
 4 SYSTEMPATH\CodeIgniter.php(340): CodeIgniter\CodeIgniter->handleRequest(null, Object(Config\Cache), false)
 5 FCPATH\index.php(67): CodeIgniter\CodeIgniter->run()
CRITICAL - 2022-09-14 02:38:29 --> Array to string conversion
in APPPATH\Controllers\Nbfc.php on line 303.
 1 APPPATH\Controllers\Nbfc.php(303): CodeIgniter\Debug\Exceptions->errorHandler(2, 'Array to string conversion', 'APPPATH\\Controllers\\Nbfc.php', 303)
 2 SYSTEMPATH\CodeIgniter.php(904): App\Controllers\Nbfc->fetch_category()
 3 SYSTEMPATH\CodeIgniter.php(457): CodeIgniter\CodeIgniter->runController(Object(App\Controllers\Nbfc))
 4 SYSTEMPATH\CodeIgniter.php(340): CodeIgniter\CodeIgniter->handleRequest(null, Object(Config\Cache), false)
 5 FCPATH\index.php(67): CodeIgniter\CodeIgniter->run()
CRITICAL - 2022-09-14 02:38:43 --> Call to undefined method App\Models\NbfcCreateProposalModels::result
in SYSTEMPATH\Model.php on line 773.
 1 APPPATH\Controllers\Nbfc.php(304): CodeIgniter\Model->__call('result', [])
 2 SYSTEMPATH\CodeIgniter.php(904): App\Controllers\Nbfc->fetch_category()
 3 SYSTEMPATH\CodeIgniter.php(457): CodeIgniter\CodeIgniter->runController(Object(App\Controllers\Nbfc))
 4 SYSTEMPATH\CodeIgniter.php(340): CodeIgniter\CodeIgniter->handleRequest(null, Object(Config\Cache), false)
 5 FCPATH\index.php(67): CodeIgniter\CodeIgniter->run()
CRITICAL - 2022-09-14 02:39:15 --> Attempt to read property "proposal_id" on array
in APPPATH\Controllers\Nbfc.php on line 310.
 1 APPPATH\Controllers\Nbfc.php(310): CodeIgniter\Debug\Exceptions->errorHandler(2, 'Attempt to read property "proposal_id" on array', 'APPPATH\\Controllers\\Nbfc.php', 310)
 2 SYSTEMPATH\CodeIgniter.php(904): App\Controllers\Nbfc->fetch_category()
 3 SYSTEMPATH\CodeIgniter.php(457): CodeIgniter\CodeIgniter->runController(Object(App\Controllers\Nbfc))
 4 SYSTEMPATH\CodeIgniter.php(340): CodeIgniter\CodeIgniter->handleRequest(null, Object(Config\Cache), false)
 5 FCPATH\index.php(67): CodeIgniter\CodeIgniter->run()
CRITICAL - 2022-09-14 02:40:10 --> Attempt to read property "proposal_id" on array
in APPPATH\Controllers\Nbfc.php on line 307.
 1 APPPATH\Controllers\Nbfc.php(307): CodeIgniter\Debug\Exceptions->errorHandler(2, 'Attempt to read property "proposal_id" on array', 'APPPATH\\Controllers\\Nbfc.php', 307)
 2 SYSTEMPATH\CodeIgniter.php(904): App\Controllers\Nbfc->fetch_category()
 3 SYSTEMPATH\CodeIgniter.php(457): CodeIgniter\CodeIgniter->runController(Object(App\Controllers\Nbfc))
 4 SYSTEMPATH\CodeIgniter.php(340): CodeIgniter\CodeIgniter->handleRequest(null, Object(Config\Cache), false)
 5 FCPATH\index.php(67): CodeIgniter\CodeIgniter->run()
CRITICAL - 2022-09-14 02:41:56 --> Call to a member function toArray() on array
in APPPATH\Controllers\Nbfc.php on line 305.
 1 SYSTEMPATH\CodeIgniter.php(904): App\Controllers\Nbfc->fetch_category()
 2 SYSTEMPATH\CodeIgniter.php(457): CodeIgniter\CodeIgniter->runController(Object(App\Controllers\Nbfc))
 3 SYSTEMPATH\CodeIgniter.php(340): CodeIgniter\CodeIgniter->handleRequest(null, Object(Config\Cache), false)
 4 FCPATH\index.php(67): CodeIgniter\CodeIgniter->run()
CRITICAL - 2022-09-14 03:37:33 --> Call to undefined method App\Models\NbfcCreateProposalModels::getAll
in SYSTEMPATH\Model.php on line 773.
 1 APPPATH\Controllers\Nbfc.php(300): CodeIgniter\Model->__call('getAll', [])
 2 SYSTEMPATH\CodeIgniter.php(904): App\Controllers\Nbfc->fetch_category()
 3 SYSTEMPATH\CodeIgniter.php(457): CodeIgniter\CodeIgniter->runController(Object(App\Controllers\Nbfc))
 4 SYSTEMPATH\CodeIgniter.php(340): CodeIgniter\CodeIgniter->handleRequest(null, Object(Config\Cache), false)
 5 FCPATH\index.php(67): CodeIgniter\CodeIgniter->run()
CRITICAL - 2022-09-14 03:39:33 --> Call to undefined method App\Models\NbfcCreateProposalModels::getAll
in SYSTEMPATH\Model.php on line 773.
 1 APPPATH\Controllers\Nbfc.php(301): CodeIgniter\Model->__call('getAll', [])
 2 SYSTEMPATH\CodeIgniter.php(904): App\Controllers\Nbfc->fetch_category()
 3 SYSTEMPATH\CodeIgniter.php(457): CodeIgniter\CodeIgniter->runController(Object(App\Controllers\Nbfc))
 4 SYSTEMPATH\CodeIgniter.php(340): CodeIgniter\CodeIgniter->handleRequest(null, Object(Config\Cache), false)
 5 FCPATH\index.php(67): CodeIgniter\CodeIgniter->run()
CRITICAL - 2022-09-14 03:40:23 --> Cannot use object of type mysqli as array
in APPPATH\Controllers\Nbfc.php on line 314.
 1 SYSTEMPATH\CodeIgniter.php(904): App\Controllers\Nbfc->fetch_category()
 2 SYSTEMPATH\CodeIgniter.php(457): CodeIgniter\CodeIgniter->runController(Object(App\Controllers\Nbfc))
 3 SYSTEMPATH\CodeIgniter.php(340): CodeIgniter\CodeIgniter->handleRequest(null, Object(Config\Cache), false)
 4 FCPATH\index.php(67): CodeIgniter\CodeIgniter->run()
CRITICAL - 2022-09-14 03:40:29 --> Cannot use object of type mysqli as array
in APPPATH\Controllers\Nbfc.php on line 314.
 1 SYSTEMPATH\CodeIgniter.php(904): App\Controllers\Nbfc->fetch_category()
 2 SYSTEMPATH\CodeIgniter.php(457): CodeIgniter\CodeIgniter->runController(Object(App\Controllers\Nbfc))
 3 SYSTEMPATH\CodeIgniter.php(340): CodeIgniter\CodeIgniter->handleRequest(null, Object(Config\Cache), false)
 4 FCPATH\index.php(67): CodeIgniter\CodeIgniter->run()
CRITICAL - 2022-09-14 03:43:53 --> Call to undefined method App\Models\NbfcCreateProposalModels::getAll
in SYSTEMPATH\Model.php on line 773.
 1 APPPATH\Controllers\Nbfc.php(301): CodeIgniter\Model->__call('getAll', [])
 2 SYSTEMPATH\CodeIgniter.php(904): App\Controllers\Nbfc->fetch_category()
 3 SYSTEMPATH\CodeIgniter.php(457): CodeIgniter\CodeIgniter->runController(Object(App\Controllers\Nbfc))
 4 SYSTEMPATH\CodeIgniter.php(340): CodeIgniter\CodeIgniter->handleRequest(null, Object(Config\Cache), false)
 5 FCPATH\index.php(67): CodeIgniter\CodeIgniter->run()
CRITICAL - 2022-09-14 03:43:59 --> Call to undefined method App\Models\NbfcCreateProposalModels::getAll
in SYSTEMPATH\Model.php on line 773.
 1 APPPATH\Controllers\Nbfc.php(301): CodeIgniter\Model->__call('getAll', [])
 2 SYSTEMPATH\CodeIgniter.php(904): App\Controllers\Nbfc->fetch_category()
 3 SYSTEMPATH\CodeIgniter.php(457): CodeIgniter\CodeIgniter->runController(Object(App\Controllers\Nbfc))
 4 SYSTEMPATH\CodeIgniter.php(340): CodeIgniter\CodeIgniter->handleRequest(null, Object(Config\Cache), false)
 5 FCPATH\index.php(67): CodeIgniter\CodeIgniter->run()
CRITICAL - 2022-09-14 04:56:54 --> Undefined property: App\Controllers\Nbfc::$db
in APPPATH\Controllers\Nbfc.php on line 154.
 1 APPPATH\Controllers\Nbfc.php(154): CodeIgniter\Debug\Exceptions->errorHandler(2, 'Undefined property: App\\Controllers\\Nbfc::$db', 'APPPATH\\Controllers\\Nbfc.php', 154)
 2 SYSTEMPATH\CodeIgniter.php(904): App\Controllers\Nbfc->rfqs()
 3 SYSTEMPATH\CodeIgniter.php(457): CodeIgniter\CodeIgniter->runController(Object(App\Controllers\Nbfc))
 4 SYSTEMPATH\CodeIgniter.php(340): CodeIgniter\CodeIgniter->handleRequest(null, Object(Config\Cache), false)
 5 FCPATH\index.php(67): CodeIgniter\CodeIgniter->run()
CRITICAL - 2022-09-14 05:33:42 --> Undefined property: App\Controllers\Nbfc::$db
in APPPATH\Controllers\Nbfc.php on line 156.
 1 APPPATH\Controllers\Nbfc.php(156): CodeIgniter\Debug\Exceptions->errorHandler(2, 'Undefined property: App\\Controllers\\Nbfc::$db', 'APPPATH\\Controllers\\Nbfc.php', 156)
 2 SYSTEMPATH\CodeIgniter.php(904): App\Controllers\Nbfc->rfqs()
 3 SYSTEMPATH\CodeIgniter.php(457): CodeIgniter\CodeIgniter->runController(Object(App\Controllers\Nbfc))
 4 SYSTEMPATH\CodeIgniter.php(340): CodeIgniter\CodeIgniter->handleRequest(null, Object(Config\Cache), false)
 5 FCPATH\index.php(67): CodeIgniter\CodeIgniter->run()
CRITICAL - 2022-09-14 05:52:15 --> Undefined property: App\Controllers\Nbfc::$db
in APPPATH\Controllers\Nbfc.php on line 157.
 1 APPPATH\Controllers\Nbfc.php(157): CodeIgniter\Debug\Exceptions->errorHandler(2, 'Undefined property: App\\Controllers\\Nbfc::$db', 'APPPATH\\Controllers\\Nbfc.php', 157)
 2 SYSTEMPATH\CodeIgniter.php(904): App\Controllers\Nbfc->rfqs()
 3 SYSTEMPATH\CodeIgniter.php(457): CodeIgniter\CodeIgniter->runController(Object(App\Controllers\Nbfc))
 4 SYSTEMPATH\CodeIgniter.php(340): CodeIgniter\CodeIgniter->handleRequest(null, Object(Config\Cache), false)
 5 FCPATH\index.php(67): CodeIgniter\CodeIgniter->run()
CRITICAL - 2022-09-14 05:54:56 --> Undefined property: App\Controllers\Nbfc::$db
in APPPATH\Controllers\Nbfc.php on line 158.
 1 APPPATH\Controllers\Nbfc.php(158): CodeIgniter\Debug\Exceptions->errorHandler(2, 'Undefined property: App\\Controllers\\Nbfc::$db', 'APPPATH\\Controllers\\Nbfc.php', 158)
 2 SYSTEMPATH\CodeIgniter.php(904): App\Controllers\Nbfc->rfqs()
 3 SYSTEMPATH\CodeIgniter.php(457): CodeIgniter\CodeIgniter->runController(Object(App\Controllers\Nbfc))
 4 SYSTEMPATH\CodeIgniter.php(340): CodeIgniter\CodeIgniter->handleRequest(null, Object(Config\Cache), false)
 5 FCPATH\index.php(67): CodeIgniter\CodeIgniter->run()
CRITICAL - 2022-09-14 06:14:11 --> Call to undefined method CodeIgniter\Database\MySQLi\Result::result()
in APPPATH\Models\NBFCLoginModles.php on line 12.
 1 APPPATH\Controllers\Nbfc.php(158): App\Models\NBFCLoginModles->shownbfc()
 2 SYSTEMPATH\CodeIgniter.php(904): App\Controllers\Nbfc->rfqs()
 3 SYSTEMPATH\CodeIgniter.php(457): CodeIgniter\CodeIgniter->runController(Object(App\Controllers\Nbfc))
 4 SYSTEMPATH\CodeIgniter.php(340): CodeIgniter\CodeIgniter->handleRequest(null, Object(Config\Cache), false)
 5 FCPATH\index.php(67): CodeIgniter\CodeIgniter->run()
CRITICAL - 2022-09-14 22:44:53 --> syntax error, unexpected token "=", expecting ")"
in APPPATH\Controllers\Nbfc.php on line 159.
 1 SYSTEMPATH\Autoloader\Autoloader.php(259): CodeIgniter\Autoloader\Autoloader->includeFile('APPPATH\\Controllers\\Nbfc.php')
 2 SYSTEMPATH\Autoloader\Autoloader.php(237): CodeIgniter\Autoloader\Autoloader->loadInNamespace('App\\Controllers\\Nbfc')
 3 [internal function]: CodeIgniter\Autoloader\Autoloader->loadClass('App\\Controllers\\Nbfc')
 4 SYSTEMPATH\CodeIgniter.php(854): class_exists('\\App\\Controllers\\Nbfc', true)
 5 SYSTEMPATH\CodeIgniter.php(444): CodeIgniter\CodeIgniter->startController()
 6 SYSTEMPATH\CodeIgniter.php(340): CodeIgniter\CodeIgniter->handleRequest(null, Object(Config\Cache), false)
 7 FCPATH\index.php(67): CodeIgniter\CodeIgniter->run()
ERROR - 2022-09-14 23:41:50 --> mysqli_sql_exception: Unknown column 'proposal_bid' in 'where clause' in C:\xampp\htdocs\leasiffronts\system\Database\MySQLi\Connection.php:292
Stack trace:
#0 C:\xampp\htdocs\leasiffronts\system\Database\MySQLi\Connection.php(292): mysqli->query('SELECT *\nFROM `...', 0)
#1 C:\xampp\htdocs\leasiffronts\system\Database\BaseConnection.php(693): CodeIgniter\Database\MySQLi\Connection->execute('SELECT *\nFROM `...')
#2 C:\xampp\htdocs\leasiffronts\system\Database\BaseConnection.php(620): CodeIgniter\Database\BaseConnection->simpleQuery('SELECT *\nFROM `...')
#3 C:\xampp\htdocs\leasiffronts\system\Database\BaseBuilder.php(1585): CodeIgniter\Database\BaseConnection->query('SELECT *\nFROM `...', Array, false)
#4 C:\xampp\htdocs\leasiffronts\system\Model.php(249): CodeIgniter\Database\BaseBuilder->get()
#5 C:\xampp\htdocs\leasiffronts\system\BaseModel.php(622): CodeIgniter\Model->doFirst()
#6 C:\xampp\htdocs\leasiffronts\app\Controllers\Nbfc.php(180): CodeIgniter\BaseModel->first()
#7 C:\xampp\htdocs\leasiffronts\system\CodeIgniter.php(904): App\Controllers\Nbfc->deleteproposal()
#8 C:\xampp\htdocs\leasiffronts\system\CodeIgniter.php(457): CodeIgniter\CodeIgniter->runController(Object(App\Controllers\Nbfc))
#9 C:\xampp\htdocs\leasiffronts\system\CodeIgniter.php(340): CodeIgniter\CodeIgniter->handleRequest(NULL, Object(Config\Cache), false)
#10 C:\xampp\htdocs\leasiffronts\index.php(67): CodeIgniter\CodeIgniter->run()
#11 {main}
CRITICAL - 2022-09-14 23:41:50 --> Call to a member function getFirstRow() on bool
in SYSTEMPATH\Model.php on line 249.
 1 SYSTEMPATH\BaseModel.php(622): CodeIgniter\Model->doFirst()
 2 APPPATH\Controllers\Nbfc.php(180): CodeIgniter\BaseModel->first()
 3 SYSTEMPATH\CodeIgniter.php(904): App\Controllers\Nbfc->deleteproposal()
 4 SYSTEMPATH\CodeIgniter.php(457): CodeIgniter\CodeIgniter->runController(Object(App\Controllers\Nbfc))
 5 SYSTEMPATH\CodeIgniter.php(340): CodeIgniter\CodeIgniter->handleRequest(null, Object(Config\Cache), false)
 6 FCPATH\index.php(67): CodeIgniter\CodeIgniter->run()
ERROR - 2022-09-14 23:43:40 --> mysqli_sql_exception: Unknown column 'proposal_bid' in 'where clause' in C:\xampp\htdocs\leasiffronts\system\Database\MySQLi\Connection.php:292
Stack trace:
#0 C:\xampp\htdocs\leasiffronts\system\Database\MySQLi\Connection.php(292): mysqli->query('SELECT *\nFROM `...', 0)
#1 C:\xampp\htdocs\leasiffronts\system\Database\BaseConnection.php(693): CodeIgniter\Database\MySQLi\Connection->execute('SELECT *\nFROM `...')
#2 C:\xampp\htdocs\leasiffronts\system\Database\BaseConnection.php(620): CodeIgniter\Database\BaseConnection->simpleQuery('SELECT *\nFROM `...')
#3 C:\xampp\htdocs\leasiffronts\system\Database\BaseBuilder.php(1585): CodeIgniter\Database\BaseConnection->query('SELECT *\nFROM `...', Array, false)
#4 C:\xampp\htdocs\leasiffronts\system\Model.php(249): CodeIgniter\Database\BaseBuilder->get()
#5 C:\xampp\htdocs\leasiffronts\system\BaseModel.php(622): CodeIgniter\Model->doFirst()
#6 C:\xampp\htdocs\leasiffronts\app\Controllers\Nbfc.php(180): CodeIgniter\BaseModel->first()
#7 C:\xampp\htdocs\leasiffronts\system\CodeIgniter.php(904): App\Controllers\Nbfc->deleteproposal()
#8 C:\xampp\htdocs\leasiffronts\system\CodeIgniter.php(457): CodeIgniter\CodeIgniter->runController(Object(App\Controllers\Nbfc))
#9 C:\xampp\htdocs\leasiffronts\system\CodeIgniter.php(340): CodeIgniter\CodeIgniter->handleRequest(NULL, Object(Config\Cache), false)
#10 C:\xampp\htdocs\leasiffronts\index.php(67): CodeIgniter\CodeIgniter->run()
#11 {main}
CRITICAL - 2022-09-14 23:43:40 --> Call to a member function getFirstRow() on bool
in SYSTEMPATH\Model.php on line 249.
 1 SYSTEMPATH\BaseModel.php(622): CodeIgniter\Model->doFirst()
 2 APPPATH\Controllers\Nbfc.php(180): CodeIgniter\BaseModel->first()
 3 SYSTEMPATH\CodeIgniter.php(904): App\Controllers\Nbfc->deleteproposal()
 4 SYSTEMPATH\CodeIgniter.php(457): CodeIgniter\CodeIgniter->runController(Object(App\Controllers\Nbfc))
 5 SYSTEMPATH\CodeIgniter.php(340): CodeIgniter\CodeIgniter->handleRequest(null, Object(Config\Cache), false)
 6 FCPATH\index.php(67): CodeIgniter\CodeIgniter->run()
ERROR - 2022-09-14 23:44:32 --> mysqli_sql_exception: Unknown column 'proposal_bid' in 'where clause' in C:\xampp\htdocs\leasiffronts\system\Database\MySQLi\Connection.php:292
Stack trace:
#0 C:\xampp\htdocs\leasiffronts\system\Database\MySQLi\Connection.php(292): mysqli->query('SELECT *\nFROM `...', 0)
#1 C:\xampp\htdocs\leasiffronts\system\Database\BaseConnection.php(693): CodeIgniter\Database\MySQLi\Connection->execute('SELECT *\nFROM `...')
#2 C:\xampp\htdocs\leasiffronts\system\Database\BaseConnection.php(620): CodeIgniter\Database\BaseConnection->simpleQuery('SELECT *\nFROM `...')
#3 C:\xampp\htdocs\leasiffronts\system\Database\BaseBuilder.php(1585): CodeIgniter\Database\BaseConnection->query('SELECT *\nFROM `...', Array, false)
#4 C:\xampp\htdocs\leasiffronts\system\Model.php(249): CodeIgniter\Database\BaseBuilder->get()
#5 C:\xampp\htdocs\leasiffronts\system\BaseModel.php(622): CodeIgniter\Model->doFirst()
#6 C:\xampp\htdocs\leasiffronts\app\Controllers\Nbfc.php(180): CodeIgniter\BaseModel->first()
#7 C:\xampp\htdocs\leasiffronts\system\CodeIgniter.php(904): App\Controllers\Nbfc->deleteproposal()
#8 C:\xampp\htdocs\leasiffronts\system\CodeIgniter.php(457): CodeIgniter\CodeIgniter->runController(Object(App\Controllers\Nbfc))
#9 C:\xampp\htdocs\leasiffronts\system\CodeIgniter.php(340): CodeIgniter\CodeIgniter->handleRequest(NULL, Object(Config\Cache), false)
#10 C:\xampp\htdocs\leasiffronts\index.php(67): CodeIgniter\CodeIgniter->run()
#11 {main}
CRITICAL - 2022-09-14 23:44:32 --> Call to a member function getFirstRow() on bool
in SYSTEMPATH\Model.php on line 249.
 1 SYSTEMPATH\BaseModel.php(622): CodeIgniter\Model->doFirst()
 2 APPPATH\Controllers\Nbfc.php(180): CodeIgniter\BaseModel->first()
 3 SYSTEMPATH\CodeIgniter.php(904): App\Controllers\Nbfc->deleteproposal()
 4 SYSTEMPATH\CodeIgniter.php(457): CodeIgniter\CodeIgniter->runController(Object(App\Controllers\Nbfc))
 5 SYSTEMPATH\CodeIgniter.php(340): CodeIgniter\CodeIgniter->handleRequest(null, Object(Config\Cache), false)
 6 FCPATH\index.php(67): CodeIgniter\CodeIgniter->run()
