CRITICAL - 2022-12-06 02:33:58 --> Attempt to read property "mobile_number" on null
in APPPATH\Views\admin\rfqdetails.php on line 13.
 1 APPPATH\Views\admin\rfqdetails.php(13): CodeIgniter\Debug\Exceptions->errorHandler(2, 'Attempt to read property "mobile_number" on null', 'APPPATH\\Views\\admin\\rfqdetails.php', 13)
 2 SYSTEMPATH\View\View.php(213): include('APPPATH\\Views\\admin\\rfqdetails.php')
 3 SYSTEMPATH\View\View.php(216): CodeIgniter\View\View->CodeIgniter\View\{closure}()
 4 SYSTEMPATH\Common.php(1137): CodeIgniter\View\View->render('admin/rfqdetails', [], true)
 5 APPPATH\Controllers\Admin.php(120): view('admin/rfqdetails', [...])
 6 SYSTEMPATH\CodeIgniter.php(904): App\Controllers\Admin->rfqdetails()
 7 SYSTEMPATH\CodeIgniter.php(457): CodeIgniter\CodeIgniter->runController(Object(App\Controllers\Admin))
 8 SYSTEMPATH\CodeIgniter.php(340): CodeIgniter\CodeIgniter->handleRequest(null, Object(Config\Cache), false)
 9 FCPATH\index.php(67): CodeIgniter\CodeIgniter->run()
CRITICAL - 2022-12-06 05:09:13 --> Undefined array key "emailid"
in APPPATH\Controllers\Admin.php on line 313.
 1 APPPATH\Controllers\Admin.php(313): CodeIgniter\Debug\Exceptions->errorHandler(2, 'Undefined array key "emailid"', 'APPPATH\\Controllers\\Admin.php', 313)
 2 SYSTEMPATH\CodeIgniter.php(904): App\Controllers\Admin->isverified()
 3 SYSTEMPATH\CodeIgniter.php(457): CodeIgniter\CodeIgniter->runController(Object(App\Controllers\Admin))
 4 SYSTEMPATH\CodeIgniter.php(340): CodeIgniter\CodeIgniter->handleRequest(null, Object(Config\Cache), false)
 5 FCPATH\index.php(67): CodeIgniter\CodeIgniter->run()
CRITICAL - 2022-12-06 05:15:09 --> Undefined variable $user_id
in APPPATH\Controllers\Admin.php on line 311.
 1 APPPATH\Controllers\Admin.php(311): CodeIgniter\Debug\Exceptions->errorHandler(2, 'Undefined variable $user_id', 'APPPATH\\Controllers\\Admin.php', 311)
 2 SYSTEMPATH\CodeIgniter.php(904): App\Controllers\Admin->isverified()
 3 SYSTEMPATH\CodeIgniter.php(457): CodeIgniter\CodeIgniter->runController(Object(App\Controllers\Admin))
 4 SYSTEMPATH\CodeIgniter.php(340): CodeIgniter\CodeIgniter->handleRequest(null, Object(Config\Cache), false)
 5 FCPATH\index.php(67): CodeIgniter\CodeIgniter->run()
CRITICAL - 2022-12-06 05:15:28 --> Undefined variable $user_id
in APPPATH\Controllers\Admin.php on line 311.
 1 APPPATH\Controllers\Admin.php(311): CodeIgniter\Debug\Exceptions->errorHandler(2, 'Undefined variable $user_id', 'APPPATH\\Controllers\\Admin.php', 311)
 2 SYSTEMPATH\CodeIgniter.php(904): App\Controllers\Admin->isverified()
 3 SYSTEMPATH\CodeIgniter.php(457): CodeIgniter\CodeIgniter->runController(Object(App\Controllers\Admin))
 4 SYSTEMPATH\CodeIgniter.php(340): CodeIgniter\CodeIgniter->handleRequest(null, Object(Config\Cache), false)
 5 FCPATH\index.php(67): CodeIgniter\CodeIgniter->run()
CRITICAL - 2022-12-06 05:15:55 --> Undefined variable $user_id
in APPPATH\Controllers\Admin.php on line 311.
 1 APPPATH\Controllers\Admin.php(311): CodeIgniter\Debug\Exceptions->errorHandler(2, 'Undefined variable $user_id', 'APPPATH\\Controllers\\Admin.php', 311)
 2 SYSTEMPATH\CodeIgniter.php(904): App\Controllers\Admin->isverified()
 3 SYSTEMPATH\CodeIgniter.php(457): CodeIgniter\CodeIgniter->runController(Object(App\Controllers\Admin))
 4 SYSTEMPATH\CodeIgniter.php(340): CodeIgniter\CodeIgniter->handleRequest(null, Object(Config\Cache), false)
 5 FCPATH\index.php(67): CodeIgniter\CodeIgniter->run()
CRITICAL - 2022-12-06 05:16:18 --> Undefined variable $user_id
in APPPATH\Controllers\Admin.php on line 311.
 1 APPPATH\Controllers\Admin.php(311): CodeIgniter\Debug\Exceptions->errorHandler(2, 'Undefined variable $user_id', 'APPPATH\\Controllers\\Admin.php', 311)
 2 SYSTEMPATH\CodeIgniter.php(904): App\Controllers\Admin->isverified()
 3 SYSTEMPATH\CodeIgniter.php(457): CodeIgniter\CodeIgniter->runController(Object(App\Controllers\Admin))
 4 SYSTEMPATH\CodeIgniter.php(340): CodeIgniter\CodeIgniter->handleRequest(null, Object(Config\Cache), false)
 5 FCPATH\index.php(67): CodeIgniter\CodeIgniter->run()
CRITICAL - 2022-12-06 05:17:03 --> Undefined variable $user_id
in APPPATH\Controllers\Admin.php on line 311.
 1 APPPATH\Controllers\Admin.php(311): CodeIgniter\Debug\Exceptions->errorHandler(2, 'Undefined variable $user_id', 'APPPATH\\Controllers\\Admin.php', 311)
 2 SYSTEMPATH\CodeIgniter.php(904): App\Controllers\Admin->isverified()
 3 SYSTEMPATH\CodeIgniter.php(457): CodeIgniter\CodeIgniter->runController(Object(App\Controllers\Admin))
 4 SYSTEMPATH\CodeIgniter.php(340): CodeIgniter\CodeIgniter->handleRequest(null, Object(Config\Cache), false)
 5 FCPATH\index.php(67): CodeIgniter\CodeIgniter->run()
CRITICAL - 2022-12-06 05:17:23 --> Undefined variable $user_id
in APPPATH\Controllers\Admin.php on line 311.
 1 APPPATH\Controllers\Admin.php(311): CodeIgniter\Debug\Exceptions->errorHandler(2, 'Undefined variable $user_id', 'APPPATH\\Controllers\\Admin.php', 311)
 2 SYSTEMPATH\CodeIgniter.php(904): App\Controllers\Admin->isverified()
 3 SYSTEMPATH\CodeIgniter.php(457): CodeIgniter\CodeIgniter->runController(Object(App\Controllers\Admin))
 4 SYSTEMPATH\CodeIgniter.php(340): CodeIgniter\CodeIgniter->handleRequest(null, Object(Config\Cache), false)
 5 FCPATH\index.php(67): CodeIgniter\CodeIgniter->run()
CRITICAL - 2022-12-06 05:44:18 --> Undefined variable $profiledetail
in APPPATH\Views\home\myaccount.php on line 42.
 1 APPPATH\Views\home\myaccount.php(42): CodeIgniter\Debug\Exceptions->errorHandler(2, 'Undefined variable $profiledetail', 'APPPATH\\Views\\home\\myaccount.php', 42)
 2 SYSTEMPATH\View\View.php(213): include('APPPATH\\Views\\home\\myaccount.php')
 3 SYSTEMPATH\View\View.php(216): CodeIgniter\View\View->CodeIgniter\View\{closure}()
 4 SYSTEMPATH\Common.php(1137): CodeIgniter\View\View->render('home/myaccount', [], true)
 5 APPPATH\Controllers\Home.php(199): view('home/myaccount', [...])
 6 SYSTEMPATH\CodeIgniter.php(904): App\Controllers\Home->myaccount()
 7 SYSTEMPATH\CodeIgniter.php(457): CodeIgniter\CodeIgniter->runController(Object(App\Controllers\Home))
 8 SYSTEMPATH\CodeIgniter.php(340): CodeIgniter\CodeIgniter->handleRequest(null, Object(Config\Cache), false)
 9 FCPATH\index.php(67): CodeIgniter\CodeIgniter->run()
