CRITICAL - 2022-11-22 05:55:23 --> Undefined variable $prodetails
in APPPATH\Controllers\Nbfc.php on line 111.
 1 APPPATH\Controllers\Nbfc.php(111): CodeIgniter\Debug\Exceptions->errorHandler(2, 'Undefined variable $prodetails', 'APPPATH\\Controllers\\Nbfc.php', 111)
 2 SYSTEMPATH\CodeIgniter.php(904): App\Controllers\Nbfc->prodetails()
 3 SYSTEMPATH\CodeIgniter.php(457): CodeIgniter\CodeIgniter->runController(Object(App\Controllers\Nbfc))
 4 SYSTEMPATH\CodeIgniter.php(340): CodeIgniter\CodeIgniter->handleRequest(null, Object(Config\Cache), false)
 5 FCPATH\index.php(67): CodeIgniter\CodeIgniter->run()
CRITICAL - 2022-11-22 06:04:37 --> Undefined variable $prodetails
in APPPATH\Controllers\Nbfc.php on line 110.
 1 APPPATH\Controllers\Nbfc.php(110): CodeIgniter\Debug\Exceptions->errorHandler(2, 'Undefined variable $prodetails', 'APPPATH\\Controllers\\Nbfc.php', 110)
 2 SYSTEMPATH\CodeIgniter.php(904): App\Controllers\Nbfc->prodetails()
 3 SYSTEMPATH\CodeIgniter.php(457): CodeIgniter\CodeIgniter->runController(Object(App\Controllers\Nbfc))
 4 SYSTEMPATH\CodeIgniter.php(340): CodeIgniter\CodeIgniter->handleRequest(null, Object(Config\Cache), false)
 5 FCPATH\index.php(67): CodeIgniter\CodeIgniter->run()
CRITICAL - 2022-11-22 06:39:57 --> Undefined variable $indicativeproposel
in APPPATH\Controllers\Nbfc.php on line 93.
 1 APPPATH\Controllers\Nbfc.php(93): CodeIgniter\Debug\Exceptions->errorHandler(2, 'Undefined variable $indicativeproposel', 'APPPATH\\Controllers\\Nbfc.php', 93)
 2 SYSTEMPATH\CodeIgniter.php(904): App\Controllers\Nbfc->paymentdetails()
 3 SYSTEMPATH\CodeIgniter.php(457): CodeIgniter\CodeIgniter->runController(Object(App\Controllers\Nbfc))
 4 SYSTEMPATH\CodeIgniter.php(340): CodeIgniter\CodeIgniter->handleRequest(null, Object(Config\Cache), false)
 5 FCPATH\index.php(67): CodeIgniter\CodeIgniter->run()
CRITICAL - 2022-11-22 06:40:25 --> Undefined variable $indicativeproposel
in APPPATH\Controllers\Nbfc.php on line 93.
 1 APPPATH\Controllers\Nbfc.php(93): CodeIgniter\Debug\Exceptions->errorHandler(2, 'Undefined variable $indicativeproposel', 'APPPATH\\Controllers\\Nbfc.php', 93)
 2 SYSTEMPATH\CodeIgniter.php(904): App\Controllers\Nbfc->paymentdetails()
 3 SYSTEMPATH\CodeIgniter.php(457): CodeIgniter\CodeIgniter->runController(Object(App\Controllers\Nbfc))
 4 SYSTEMPATH\CodeIgniter.php(340): CodeIgniter\CodeIgniter->handleRequest(null, Object(Config\Cache), false)
 5 FCPATH\index.php(67): CodeIgniter\CodeIgniter->run()
CRITICAL - 2022-11-22 06:40:26 --> Undefined variable $indicativeproposel
in APPPATH\Controllers\Nbfc.php on line 93.
 1 APPPATH\Controllers\Nbfc.php(93): CodeIgniter\Debug\Exceptions->errorHandler(2, 'Undefined variable $indicativeproposel', 'APPPATH\\Controllers\\Nbfc.php', 93)
 2 SYSTEMPATH\CodeIgniter.php(904): App\Controllers\Nbfc->paymentdetails()
 3 SYSTEMPATH\CodeIgniter.php(457): CodeIgniter\CodeIgniter->runController(Object(App\Controllers\Nbfc))
 4 SYSTEMPATH\CodeIgniter.php(340): CodeIgniter\CodeIgniter->handleRequest(null, Object(Config\Cache), false)
 5 FCPATH\index.php(67): CodeIgniter\CodeIgniter->run()
CRITICAL - 2022-11-22 06:40:26 --> Undefined variable $indicativeproposel
in APPPATH\Controllers\Nbfc.php on line 93.
 1 APPPATH\Controllers\Nbfc.php(93): CodeIgniter\Debug\Exceptions->errorHandler(2, 'Undefined variable $indicativeproposel', 'APPPATH\\Controllers\\Nbfc.php', 93)
 2 SYSTEMPATH\CodeIgniter.php(904): App\Controllers\Nbfc->paymentdetails()
 3 SYSTEMPATH\CodeIgniter.php(457): CodeIgniter\CodeIgniter->runController(Object(App\Controllers\Nbfc))
 4 SYSTEMPATH\CodeIgniter.php(340): CodeIgniter\CodeIgniter->handleRequest(null, Object(Config\Cache), false)
 5 FCPATH\index.php(67): CodeIgniter\CodeIgniter->run()
CRITICAL - 2022-11-22 06:40:26 --> Undefined variable $indicativeproposel
in APPPATH\Controllers\Nbfc.php on line 93.
 1 APPPATH\Controllers\Nbfc.php(93): CodeIgniter\Debug\Exceptions->errorHandler(2, 'Undefined variable $indicativeproposel', 'APPPATH\\Controllers\\Nbfc.php', 93)
 2 SYSTEMPATH\CodeIgniter.php(904): App\Controllers\Nbfc->paymentdetails()
 3 SYSTEMPATH\CodeIgniter.php(457): CodeIgniter\CodeIgniter->runController(Object(App\Controllers\Nbfc))
 4 SYSTEMPATH\CodeIgniter.php(340): CodeIgniter\CodeIgniter->handleRequest(null, Object(Config\Cache), false)
 5 FCPATH\index.php(67): CodeIgniter\CodeIgniter->run()
CRITICAL - 2022-11-22 06:40:26 --> Undefined variable $indicativeproposel
in APPPATH\Controllers\Nbfc.php on line 93.
 1 APPPATH\Controllers\Nbfc.php(93): CodeIgniter\Debug\Exceptions->errorHandler(2, 'Undefined variable $indicativeproposel', 'APPPATH\\Controllers\\Nbfc.php', 93)
 2 SYSTEMPATH\CodeIgniter.php(904): App\Controllers\Nbfc->paymentdetails()
 3 SYSTEMPATH\CodeIgniter.php(457): CodeIgniter\CodeIgniter->runController(Object(App\Controllers\Nbfc))
 4 SYSTEMPATH\CodeIgniter.php(340): CodeIgniter\CodeIgniter->handleRequest(null, Object(Config\Cache), false)
 5 FCPATH\index.php(67): CodeIgniter\CodeIgniter->run()
CRITICAL - 2022-11-22 06:40:27 --> Undefined variable $indicativeproposel
in APPPATH\Controllers\Nbfc.php on line 93.
 1 APPPATH\Controllers\Nbfc.php(93): CodeIgniter\Debug\Exceptions->errorHandler(2, 'Undefined variable $indicativeproposel', 'APPPATH\\Controllers\\Nbfc.php', 93)
 2 SYSTEMPATH\CodeIgniter.php(904): App\Controllers\Nbfc->paymentdetails()
 3 SYSTEMPATH\CodeIgniter.php(457): CodeIgniter\CodeIgniter->runController(Object(App\Controllers\Nbfc))
 4 SYSTEMPATH\CodeIgniter.php(340): CodeIgniter\CodeIgniter->handleRequest(null, Object(Config\Cache), false)
 5 FCPATH\index.php(67): CodeIgniter\CodeIgniter->run()
CRITICAL - 2022-11-22 06:40:28 --> Undefined variable $indicativeproposel
in APPPATH\Controllers\Nbfc.php on line 93.
 1 APPPATH\Controllers\Nbfc.php(93): CodeIgniter\Debug\Exceptions->errorHandler(2, 'Undefined variable $indicativeproposel', 'APPPATH\\Controllers\\Nbfc.php', 93)
 2 SYSTEMPATH\CodeIgniter.php(904): App\Controllers\Nbfc->paymentdetails()
 3 SYSTEMPATH\CodeIgniter.php(457): CodeIgniter\CodeIgniter->runController(Object(App\Controllers\Nbfc))
 4 SYSTEMPATH\CodeIgniter.php(340): CodeIgniter\CodeIgniter->handleRequest(null, Object(Config\Cache), false)
 5 FCPATH\index.php(67): CodeIgniter\CodeIgniter->run()
CRITICAL - 2022-11-22 06:40:33 --> Unclosed '{' on line 39
in APPPATH\Views\nbfc\paymentdetails.php on line 97.
 1 SYSTEMPATH\View\View.php(216): CodeIgniter\View\View->CodeIgniter\View\{closure}()
 2 SYSTEMPATH\Common.php(1137): CodeIgniter\View\View->render('nbfc/paymentdetails', [], true)
 3 APPPATH\Controllers\Nbfc.php(94): view('nbfc/paymentdetails', [...])
 4 SYSTEMPATH\CodeIgniter.php(904): App\Controllers\Nbfc->paymentdetails()
 5 SYSTEMPATH\CodeIgniter.php(457): CodeIgniter\CodeIgniter->runController(Object(App\Controllers\Nbfc))
 6 SYSTEMPATH\CodeIgniter.php(340): CodeIgniter\CodeIgniter->handleRequest(null, Object(Config\Cache), false)
 7 FCPATH\index.php(67): CodeIgniter\CodeIgniter->run()
CRITICAL - 2022-11-22 06:41:31 --> Array to string conversion
in APPPATH\Views\nbfc\paymentdetails.php on line 40.
 1 APPPATH\Views\nbfc\paymentdetails.php(40): CodeIgniter\Debug\Exceptions->errorHandler(2, 'Array to string conversion', 'APPPATH\\Views\\nbfc\\paymentdetails.php', 40)
 2 SYSTEMPATH\View\View.php(213): include('APPPATH\\Views\\nbfc\\paymentdetails.php')
 3 SYSTEMPATH\View\View.php(216): CodeIgniter\View\View->CodeIgniter\View\{closure}()
 4 SYSTEMPATH\Common.php(1137): CodeIgniter\View\View->render('nbfc/paymentdetails', [], true)
 5 APPPATH\Controllers\Nbfc.php(94): view('nbfc/paymentdetails', [...])
 6 SYSTEMPATH\CodeIgniter.php(904): App\Controllers\Nbfc->paymentdetails()
 7 SYSTEMPATH\CodeIgniter.php(457): CodeIgniter\CodeIgniter->runController(Object(App\Controllers\Nbfc))
 8 SYSTEMPATH\CodeIgniter.php(340): CodeIgniter\CodeIgniter->handleRequest(null, Object(Config\Cache), false)
 9 FCPATH\index.php(67): CodeIgniter\CodeIgniter->run()
