CRITICAL - 2022-10-19 03:13:39 --> Undefined array key "is_verify"
in APPPATH\Controllers\Admin.php on line 304.
 1 APPPATH\Controllers\Admin.php(304): CodeIgniter\Debug\Exceptions->errorHandler(2, 'Undefined array key "is_verify"', 'APPPATH\\Controllers\\Admin.php', 304)
 2 SYSTEMPATH\CodeIgniter.php(904): App\Controllers\Admin->isverified()
 3 SYSTEMPATH\CodeIgniter.php(457): CodeIgniter\CodeIgniter->runController(Object(App\Controllers\Admin))
 4 SYSTEMPATH\CodeIgniter.php(340): CodeIgniter\CodeIgniter->handleRequest(null, Object(Config\Cache), false)
 5 FCPATH\index.php(67): CodeIgniter\CodeIgniter->run()
CRITICAL - 2022-10-19 03:14:01 --> Undefined array key "is_verify"
in APPPATH\Controllers\Admin.php on line 304.
 1 APPPATH\Controllers\Admin.php(304): CodeIgniter\Debug\Exceptions->errorHandler(2, 'Undefined array key "is_verify"', 'APPPATH\\Controllers\\Admin.php', 304)
 2 SYSTEMPATH\CodeIgniter.php(904): App\Controllers\Admin->isverified()
 3 SYSTEMPATH\CodeIgniter.php(457): CodeIgniter\CodeIgniter->runController(Object(App\Controllers\Admin))
 4 SYSTEMPATH\CodeIgniter.php(340): CodeIgniter\CodeIgniter->handleRequest(null, Object(Config\Cache), false)
 5 FCPATH\index.php(67): CodeIgniter\CodeIgniter->run()
CRITICAL - 2022-10-19 03:14:16 --> Attempt to read property "is_verify" on array
in APPPATH\Controllers\Admin.php on line 304.
 1 APPPATH\Controllers\Admin.php(304): CodeIgniter\Debug\Exceptions->errorHandler(2, 'Attempt to read property "is_verify" on array', 'APPPATH\\Controllers\\Admin.php', 304)
 2 SYSTEMPATH\CodeIgniter.php(904): App\Controllers\Admin->isverified()
 3 SYSTEMPATH\CodeIgniter.php(457): CodeIgniter\CodeIgniter->runController(Object(App\Controllers\Admin))
 4 SYSTEMPATH\CodeIgniter.php(340): CodeIgniter\CodeIgniter->handleRequest(null, Object(Config\Cache), false)
 5 FCPATH\index.php(67): CodeIgniter\CodeIgniter->run()
CRITICAL - 2022-10-19 03:18:58 --> Undefined array key "is_verify"
in APPPATH\Controllers\Admin.php on line 307.
 1 APPPATH\Controllers\Admin.php(307): CodeIgniter\Debug\Exceptions->errorHandler(2, 'Undefined array key "is_verify"', 'APPPATH\\Controllers\\Admin.php', 307)
 2 SYSTEMPATH\CodeIgniter.php(904): App\Controllers\Admin->isverified()
 3 SYSTEMPATH\CodeIgniter.php(457): CodeIgniter\CodeIgniter->runController(Object(App\Controllers\Admin))
 4 SYSTEMPATH\CodeIgniter.php(340): CodeIgniter\CodeIgniter->handleRequest(null, Object(Config\Cache), false)
 5 FCPATH\index.php(67): CodeIgniter\CodeIgniter->run()
CRITICAL - 2022-10-19 03:24:11 --> Undefined array key "emailid"
in APPPATH\Controllers\Admin.php on line 307.
 1 APPPATH\Controllers\Admin.php(307): CodeIgniter\Debug\Exceptions->errorHandler(2, 'Undefined array key "emailid"', 'APPPATH\\Controllers\\Admin.php', 307)
 2 SYSTEMPATH\CodeIgniter.php(904): App\Controllers\Admin->isverified()
 3 SYSTEMPATH\CodeIgniter.php(457): CodeIgniter\CodeIgniter->runController(Object(App\Controllers\Admin))
 4 SYSTEMPATH\CodeIgniter.php(340): CodeIgniter\CodeIgniter->handleRequest(null, Object(Config\Cache), false)
 5 FCPATH\index.php(67): CodeIgniter\CodeIgniter->run()
CRITICAL - 2022-10-19 14:21:16 --> Undefined variable $customer
in APPPATH\Controllers\Nbfc.php on line 891.
 1 APPPATH\Controllers\Nbfc.php(891): CodeIgniter\Debug\Exceptions->errorHandler(2, 'Undefined variable $customer', 'APPPATH\\Controllers\\Nbfc.php', 891)
 2 SYSTEMPATH\CodeIgniter.php(904): App\Controllers\Nbfc->myaccountkyc()
 3 SYSTEMPATH\CodeIgniter.php(457): CodeIgniter\CodeIgniter->runController(Object(App\Controllers\Nbfc))
 4 SYSTEMPATH\CodeIgniter.php(340): CodeIgniter\CodeIgniter->handleRequest(null, Object(Config\Cache), false)
 5 FCPATH\index.php(67): CodeIgniter\CodeIgniter->run()
CRITICAL - 2022-10-19 14:28:02 --> Undefined variable $customer
in APPPATH\Controllers\Nbfc.php on line 891.
 1 APPPATH\Controllers\Nbfc.php(891): CodeIgniter\Debug\Exceptions->errorHandler(2, 'Undefined variable $customer', 'APPPATH\\Controllers\\Nbfc.php', 891)
 2 SYSTEMPATH\CodeIgniter.php(904): App\Controllers\Nbfc->myaccountkyc()
 3 SYSTEMPATH\CodeIgniter.php(457): CodeIgniter\CodeIgniter->runController(Object(App\Controllers\Nbfc))
 4 SYSTEMPATH\CodeIgniter.php(340): CodeIgniter\CodeIgniter->handleRequest(null, Object(Config\Cache), false)
 5 FCPATH\index.php(67): CodeIgniter\CodeIgniter->run()
CRITICAL - 2022-10-19 14:28:38 --> Undefined variable $customer
in APPPATH\Controllers\Nbfc.php on line 891.
 1 APPPATH\Controllers\Nbfc.php(891): CodeIgniter\Debug\Exceptions->errorHandler(2, 'Undefined variable $customer', 'APPPATH\\Controllers\\Nbfc.php', 891)
 2 SYSTEMPATH\CodeIgniter.php(904): App\Controllers\Nbfc->myaccountkyc()
 3 SYSTEMPATH\CodeIgniter.php(457): CodeIgniter\CodeIgniter->runController(Object(App\Controllers\Nbfc))
 4 SYSTEMPATH\CodeIgniter.php(340): CodeIgniter\CodeIgniter->handleRequest(null, Object(Config\Cache), false)
 5 FCPATH\index.php(67): CodeIgniter\CodeIgniter->run()
CRITICAL - 2022-10-19 14:31:12 --> Undefined variable $verified
in APPPATH\Controllers\Nbfc.php on line 897.
 1 APPPATH\Controllers\Nbfc.php(897): CodeIgniter\Debug\Exceptions->errorHandler(2, 'Undefined variable $verified', 'APPPATH\\Controllers\\Nbfc.php', 897)
 2 SYSTEMPATH\CodeIgniter.php(904): App\Controllers\Nbfc->myaccountkyc()
 3 SYSTEMPATH\CodeIgniter.php(457): CodeIgniter\CodeIgniter->runController(Object(App\Controllers\Nbfc))
 4 SYSTEMPATH\CodeIgniter.php(340): CodeIgniter\CodeIgniter->handleRequest(null, Object(Config\Cache), false)
 5 FCPATH\index.php(67): CodeIgniter\CodeIgniter->run()
